<?xml version="1.0" encoding="UTF-8"?>
<coverage generated="1253282369681" clover="2.6.0">
  <project timestamp="1253282365324" name="Sonar tests - reference 1.0-SNAPSHOT">
    <metrics coveredelements="13" packages="5" coveredconditionals="0" ncloc="322" statements="165" loc="528"
             complexity="63" files="14" conditionals="64" coveredstatements="6" coveredmethods="7" methods="31"
             classes="16" elements="260"/>
    <package name="org.sonar.samples.duplicated_lines_with_other_package2">
      <metrics coveredelements="0" coveredconditionals="0" ncloc="36" statements="30" loc="60" complexity="2" files="1"
               conditionals="0" coveredstatements="0" coveredmethods="0" methods="2" classes="1" elements="32"/>
      <file
          path="/Users/simon/projects/sonar/trunk/tests/integration/reference-projects/reference/src/main/java/org/sonar/samples/duplicated_lines_with_other_package2/DuplicatedLinesWithOtherPackage.java"
          name="DuplicatedLinesWithOtherPackage.java">
        <metrics coveredelements="0" coveredconditionals="0" conditionals="0" ncloc="36" statements="30"
                 coveredmethods="0" coveredstatements="0" loc="60" methods="2" classes="1" complexity="2"
                 elements="32"/>
        <class name="DuplicatedLinesWithOtherPackage">
          <metrics coveredelements="0" coveredconditionals="0" conditionals="0" statements="30" coveredmethods="0"
                   coveredstatements="0" methods="2" complexity="2" elements="32"/>
        </class>
        <line num="24" signature="DuplicatedLinesWithOtherPackage()" type="method" complexity="1" count="0"/>
        <line num="27" signature="duplicatedMethodWithOtherPackage() : void" type="method" complexity="1" count="0"/>
        <line num="28" type="stmt" count="0"/>
        <line num="29" type="stmt" count="0"/>
        <line num="30" type="stmt" count="0"/>
        <line num="31" type="stmt" count="0"/>
        <line num="32" type="stmt" count="0"/>
        <line num="33" type="stmt" count="0"/>
        <line num="34" type="stmt" count="0"/>
        <line num="35" type="stmt" count="0"/>
        <line num="36" type="stmt" count="0"/>
        <line num="37" type="stmt" count="0"/>
        <line num="38" type="stmt" count="0"/>
        <line num="39" type="stmt" count="0"/>
        <line num="40" type="stmt" count="0"/>
        <line num="41" type="stmt" count="0"/>
        <line num="42" type="stmt" count="0"/>
        <line num="43" type="stmt" count="0"/>
        <line num="44" type="stmt" count="0"/>
        <line num="45" type="stmt" count="0"/>
        <line num="46" type="stmt" count="0"/>
        <line num="47" type="stmt" count="0"/>
        <line num="48" type="stmt" count="0"/>
        <line num="49" type="stmt" count="0"/>
        <line num="50" type="stmt" count="0"/>
        <line num="51" type="stmt" count="0"/>
        <line num="52" type="stmt" count="0"/>
        <line num="53" type="stmt" count="0"/>
        <line num="54" type="stmt" count="0"/>
        <line num="55" type="stmt" count="0"/>
        <line num="56" type="stmt" count="0"/>
        <line num="57" type="stmt" count="0"/>
      </file>
    </package>
    <package name="org.sonar.samples.duplicated_lines_with_other_package1">
      <metrics coveredelements="0" coveredconditionals="0" ncloc="36" statements="30" loc="60" complexity="2" files="1"
               conditionals="0" coveredstatements="0" coveredmethods="0" methods="2" classes="1" elements="32"/>
      <file
          path="/Users/simon/projects/sonar/trunk/tests/integration/reference-projects/reference/src/main/java/org/sonar/samples/duplicated_lines_with_other_package1/DuplicatedLinesWithOtherPackage.java"
          name="DuplicatedLinesWithOtherPackage.java">
        <metrics coveredelements="0" coveredconditionals="0" conditionals="0" ncloc="36" statements="30"
                 coveredmethods="0" coveredstatements="0" loc="60" methods="2" classes="1" complexity="2"
                 elements="32"/>
        <class name="DuplicatedLinesWithOtherPackage">
          <metrics coveredelements="0" coveredconditionals="0" conditionals="0" statements="30" coveredmethods="0"
                   coveredstatements="0" methods="2" complexity="2" elements="32"/>
        </class>
        <line num="24" signature="DuplicatedLinesWithOtherPackage()" type="method" complexity="1" count="0"/>
        <line num="27" signature="duplicatedMethodWithOtherPackage() : void" type="method" complexity="1" count="0"/>
        <line num="28" type="stmt" count="0"/>
        <line num="29" type="stmt" count="0"/>
        <line num="30" type="stmt" count="0"/>
        <line num="31" type="stmt" count="0"/>
        <line num="32" type="stmt" count="0"/>
        <line num="33" type="stmt" count="0"/>
        <line num="34" type="stmt" count="0"/>
        <line num="35" type="stmt" count="0"/>
        <line num="36" type="stmt" count="0"/>
        <line num="37" type="stmt" count="0"/>
        <line num="38" type="stmt" count="0"/>
        <line num="39" type="stmt" count="0"/>
        <line num="40" type="stmt" count="0"/>
        <line num="41" type="stmt" count="0"/>
        <line num="42" type="stmt" count="0"/>
        <line num="43" type="stmt" count="0"/>
        <line num="44" type="stmt" count="0"/>
        <line num="45" type="stmt" count="0"/>
        <line num="46" type="stmt" count="0"/>
        <line num="47" type="stmt" count="0"/>
        <line num="48" type="stmt" count="0"/>
        <line num="49" type="stmt" count="0"/>
        <line num="50" type="stmt" count="0"/>
        <line num="51" type="stmt" count="0"/>
        <line num="52" type="stmt" count="0"/>
        <line num="53" type="stmt" count="0"/>
        <line num="54" type="stmt" count="0"/>
        <line num="55" type="stmt" count="0"/>
        <line num="56" type="stmt" count="0"/>
        <line num="57" type="stmt" count="0"/>
      </file>
    </package>
    <package name="org.sonar.samples">
      <metrics coveredelements="13" coveredconditionals="0" ncloc="117" statements="25" loc="191" complexity="20"
               files="9" conditionals="0" coveredstatements="6" coveredmethods="7" methods="20" classes="11"
               elements="45"/>
      <file
          path="/Users/simon/projects/sonar/trunk/tests/integration/reference-projects/reference/src/main/java/org/sonar/samples/ClassUnderTest.java"
          name="ClassUnderTest.java">
        <metrics coveredelements="5" coveredconditionals="0" conditionals="0" ncloc="10" statements="3"
                 coveredmethods="2" coveredstatements="3" loc="11" methods="2" classes="1" complexity="2" elements="5"/>
        <class name="ClassUnderTest">
          <metrics coveredelements="5" coveredconditionals="0" conditionals="0" statements="3" coveredmethods="2"
                   coveredstatements="3" methods="2" complexity="2" elements="5"/>
        </class>
        <line num="4" signature="toto() : void" type="method" complexity="1" count="1"/>
        <line num="5" type="stmt" count="1"/>
        <line num="6" type="stmt" count="1"/>
        <line num="8" signature="hello() : String" type="method" complexity="1" count="1"/>
        <line num="9" type="stmt" count="1"/>
      </file>
      <file
          path="/Users/simon/projects/sonar/trunk/tests/integration/reference-projects/reference/src/main/java/org/sonar/samples/ClassWithComments.java"
          name="ClassWithComments.java">
        <metrics coveredelements="0" coveredconditionals="0" conditionals="0" ncloc="10" statements="3"
                 coveredmethods="0" coveredstatements="0" loc="25" methods="2" classes="1" complexity="2" elements="5"/>
        <class name="ClassWithComments">
          <metrics coveredelements="0" coveredconditionals="0" conditionals="0" statements="3" coveredmethods="0"
                   coveredstatements="0" methods="2" complexity="2" elements="5"/>
        </class>
        <line num="10" signature="ClassWithComments(int)" type="method" complexity="1" count="0"/>
        <line num="12" type="stmt" count="0"/>
        <line num="15" signature="myMethod() : String" type="method" complexity="1" count="0"/>
        <line num="22" type="stmt" count="0"/>
        <line num="23" type="stmt" count="0"/>
      </file>
      <file
          path="/Users/simon/projects/sonar/trunk/tests/integration/reference-projects/reference/src/main/java/org/sonar/samples/EmptyClass.java"
          name="EmptyClass.java">
        <metrics coveredelements="0" coveredconditionals="0" conditionals="0" ncloc="3" statements="0"
                 coveredmethods="0" coveredstatements="0" loc="4" methods="0" classes="1" complexity="0" elements="0"/>
        <class name="EmptyClass">
          <metrics coveredelements="0" coveredconditionals="0" conditionals="0" statements="0" coveredmethods="0"
                   coveredstatements="0" methods="0" complexity="0" elements="0"/>
        </class>
      </file>
      <file
          path="/Users/simon/projects/sonar/trunk/tests/integration/reference-projects/reference/src/main/java/org/sonar/samples/HibernateModel.java"
          name="HibernateModel.java">
        <metrics coveredelements="0" coveredconditionals="0" conditionals="0" ncloc="18" statements="1"
                 coveredmethods="0" coveredstatements="0" loc="24" methods="2" classes="1" complexity="2" elements="3"/>
        <class name="HibernateModel">
          <metrics coveredelements="0" coveredconditionals="0" conditionals="0" statements="1" coveredmethods="0"
                   coveredstatements="0" methods="2" complexity="2" elements="3"/>
        </class>
        <line num="18" signature="HibernateModel()" type="method" complexity="1" count="0"/>
        <line num="21" signature="HibernateModel(String)" type="method" complexity="1" count="0"/>
        <line num="22" type="stmt" count="0"/>
      </file>
      <file
          path="/Users/simon/projects/sonar/trunk/tests/integration/reference-projects/reference/src/main/java/org/sonar/samples/InnerClass.java"
          name="InnerClass.java">
        <metrics coveredelements="8" coveredconditionals="0" conditionals="0" ncloc="49" statements="15"
                 coveredmethods="5" coveredstatements="3" loc="87" methods="13" classes="3" complexity="13"
                 elements="28"/>
        <class name="InnerClass">
          <metrics coveredelements="2" coveredconditionals="0" conditionals="0" statements="5" coveredmethods="1"
                   coveredstatements="1" methods="3" complexity="3" elements="8"/>
        </class>
        <class name="InnerClass.InnerClassInside">
          <metrics coveredelements="3" coveredconditionals="0" conditionals="0" statements="3" coveredmethods="2"
                   coveredstatements="1" methods="4" complexity="4" elements="7"/>
        </class>
        <class name="PrivateClass">
          <metrics coveredelements="3" coveredconditionals="0" conditionals="0" statements="7" coveredmethods="2"
                   coveredstatements="1" methods="6" complexity="6" elements="13"/>
        </class>
        <line num="24" signature="methodOne() : void" type="method" complexity="1" count="0"/>
        <line num="25" type="stmt" count="0"/>
        <line num="26" type="stmt" count="0"/>
        <line num="29" signature="methodTwo() : void" type="method" complexity="1" count="0"/>
        <line num="30" type="stmt" count="0"/>
        <line num="31" type="stmt" count="0"/>
        <line num="34" signature="methodReturnThree() : int" type="method" complexity="1" count="1"/>
        <line num="35" type="stmt" count="1"/>
        <line num="40" signature="InnerClassInside()" type="method" complexity="1" count="1"/>
        <line num="43" signature="innerMethodOne() : void" type="method" complexity="1" count="0"/>
        <line num="44" type="stmt" count="0"/>
        <line num="47" signature="innerMethodTwo() : void" type="method" complexity="1" count="0"/>
        <line num="48" type="stmt" count="0"/>
        <line num="51" signature="methodReturnFour() : int" type="method" complexity="1" count="1"/>
        <line num="52" type="stmt" count="1"/>
        <line num="59" signature="PrivateClass()" type="method" complexity="1" count="1"/>
        <line num="63" signature="innerMethodThree() : void" type="method" complexity="1" count="0"/>
        <line num="64" type="stmt" count="0"/>
        <line num="67" signature="innerMethodFour() : void" type="method" complexity="1" count="0"/>
        <line num="68" type="stmt" count="0"/>
        <line num="71" signature="innerMethodFive() : void" type="method" complexity="1" count="0"/>
        <line num="72" type="stmt" count="0"/>
        <line num="73" type="stmt" count="0"/>
        <line num="77" signature="innerMethodSix() : void" type="method" complexity="1" count="0"/>
        <line num="78" type="stmt" count="0"/>
        <line num="79" type="stmt" count="0"/>
        <line num="83" signature="methodReturnfive() : int" type="method" complexity="1" count="1"/>
        <line num="84" type="stmt" count="1"/>
      </file>
      <file
          path="/Users/simon/projects/sonar/trunk/tests/integration/reference-projects/reference/src/main/java/org/sonar/samples/InterfaceWithConstants.java"
          name="InterfaceWithConstants.java">
        <metrics coveredelements="0" coveredconditionals="0" conditionals="0" ncloc="7" statements="0"
                 coveredmethods="0" coveredstatements="0" loc="11" methods="0" classes="1" complexity="0" elements="0"/>
        <class name="InterfaceWithConstants">
          <metrics coveredelements="0" coveredconditionals="0" conditionals="0" statements="0" coveredmethods="0"
                   coveredstatements="0" methods="0" complexity="0" elements="0"/>
        </class>
      </file>
      <file
          path="/Users/simon/projects/sonar/trunk/tests/integration/reference-projects/reference/src/main/java/org/sonar/samples/PureAbstractClass.java"
          name="PureAbstractClass.java">
        <metrics coveredelements="0" coveredconditionals="0" conditionals="0" ncloc="4" statements="0"
                 coveredmethods="0" coveredstatements="0" loc="7" methods="0" classes="1" complexity="0" elements="0"/>
        <class name="PureAbstractClass">
          <metrics coveredelements="0" coveredconditionals="0" conditionals="0" statements="0" coveredmethods="0"
                   coveredstatements="0" methods="0" complexity="0" elements="0"/>
        </class>
      </file>
      <file
          path="/Users/simon/projects/sonar/trunk/tests/integration/reference-projects/reference/src/main/java/org/sonar/samples/PureInterface.java"
          name="PureInterface.java">
        <metrics coveredelements="0" coveredconditionals="0" conditionals="0" ncloc="5" statements="0"
                 coveredmethods="0" coveredstatements="0" loc="9" methods="0" classes="1" complexity="0" elements="0"/>
        <class name="PureInterface">
          <metrics coveredelements="0" coveredconditionals="0" conditionals="0" statements="0" coveredmethods="0"
                   coveredstatements="0" methods="0" complexity="0" elements="0"/>
        </class>
      </file>
      <file
          path="/Users/simon/projects/sonar/trunk/tests/integration/reference-projects/reference/src/main/java/org/sonar/samples/Utf8Characters.java"
          name="Utf8Characters.java">
        <metrics coveredelements="0" coveredconditionals="0" conditionals="0" ncloc="11" statements="3"
                 coveredmethods="0" coveredstatements="0" loc="13" methods="1" classes="1" complexity="1" elements="4"/>
        <class name="Utf8Characters">
          <metrics coveredelements="0" coveredconditionals="0" conditionals="0" statements="3" coveredmethods="0"
                   coveredstatements="0" methods="1" complexity="1" elements="4"/>
        </class>
        <line num="8" signature="Utf8Characters()" type="method" complexity="1" count="0"/>
        <line num="9" type="stmt" count="0"/>
        <line num="10" type="stmt" count="0"/>
        <line num="11" type="stmt" count="0"/>
      </file>
    </package>
    <package name="org.sonar.samples.duplicated_lines_within_same_class">
      <metrics coveredelements="0" coveredconditionals="0" ncloc="65" statements="38" loc="89" complexity="21" files="1"
               conditionals="36" coveredstatements="0" coveredmethods="0" methods="3" classes="1" elements="77"/>
      <file
          path="/Users/simon/projects/sonar/trunk/tests/integration/reference-projects/reference/src/main/java/org/sonar/samples/duplicated_lines_within_same_class/DuplicatedLinesInSameClass.java"
          name="DuplicatedLinesInSameClass.java">
        <metrics coveredelements="0" coveredconditionals="0" conditionals="36" ncloc="65" statements="38"
                 coveredmethods="0" coveredstatements="0" loc="89" methods="3" classes="1" complexity="21"
                 elements="77"/>
        <class name="DuplicatedLinesInSameClass">
          <metrics coveredelements="0" coveredconditionals="0" conditionals="36" statements="38" coveredmethods="0"
                   coveredstatements="0" methods="3" complexity="21" elements="77"/>
        </class>
        <line num="24" signature="DuplicatedLinesInSameClass()" type="method" complexity="1" count="0"/>
        <line num="27" signature="duplicatedMethodInSameClass1() : void" type="method" complexity="10" count="0"/>
        <line num="28" type="stmt" count="0"/>
        <line num="29" type="stmt" count="0"/>
        <line falsecount="0" num="29" type="cond" truecount="0"/>
        <line num="30" type="stmt" count="0"/>
        <line num="32" type="stmt" count="0"/>
        <line falsecount="0" num="32" type="cond" truecount="0"/>
        <line num="33" type="stmt" count="0"/>
        <line num="35" type="stmt" count="0"/>
        <line falsecount="0" num="35" type="cond" truecount="0"/>
        <line num="36" type="stmt" count="0"/>
        <line num="38" type="stmt" count="0"/>
        <line falsecount="0" num="38" type="cond" truecount="0"/>
        <line num="39" type="stmt" count="0"/>
        <line num="41" type="stmt" count="0"/>
        <line falsecount="0" num="41" type="cond" truecount="0"/>
        <line num="42" type="stmt" count="0"/>
        <line num="44" type="stmt" count="0"/>
        <line falsecount="0" num="44" type="cond" truecount="0"/>
        <line num="45" type="stmt" count="0"/>
        <line num="47" type="stmt" count="0"/>
        <line falsecount="0" num="47" type="cond" truecount="0"/>
        <line num="48" type="stmt" count="0"/>
        <line num="50" type="stmt" count="0"/>
        <line falsecount="0" num="50" type="cond" truecount="0"/>
        <line num="51" type="stmt" count="0"/>
        <line num="53" type="stmt" count="0"/>
        <line falsecount="0" num="53" type="cond" truecount="0"/>
        <line num="54" type="stmt" count="0"/>
        <line num="58" signature="duplicatedMethodInSameClass2() : void" type="method" complexity="10" count="0"/>
        <line num="59" type="stmt" count="0"/>
        <line num="60" type="stmt" count="0"/>
        <line falsecount="0" num="60" type="cond" truecount="0"/>
        <line num="61" type="stmt" count="0"/>
        <line num="63" type="stmt" count="0"/>
        <line falsecount="0" num="63" type="cond" truecount="0"/>
        <line num="64" type="stmt" count="0"/>
        <line num="66" type="stmt" count="0"/>
        <line falsecount="0" num="66" type="cond" truecount="0"/>
        <line num="67" type="stmt" count="0"/>
        <line num="69" type="stmt" count="0"/>
        <line falsecount="0" num="69" type="cond" truecount="0"/>
        <line num="70" type="stmt" count="0"/>
        <line num="72" type="stmt" count="0"/>
        <line falsecount="0" num="72" type="cond" truecount="0"/>
        <line num="73" type="stmt" count="0"/>
        <line num="75" type="stmt" count="0"/>
        <line falsecount="0" num="75" type="cond" truecount="0"/>
        <line num="76" type="stmt" count="0"/>
        <line num="78" type="stmt" count="0"/>
        <line falsecount="0" num="78" type="cond" truecount="0"/>
        <line num="79" type="stmt" count="0"/>
        <line num="81" type="stmt" count="0"/>
        <line falsecount="0" num="81" type="cond" truecount="0"/>
        <line num="82" type="stmt" count="0"/>
        <line num="84" type="stmt" count="0"/>
        <line falsecount="0" num="84" type="cond" truecount="0"/>
        <line num="85" type="stmt" count="0"/>
      </file>
    </package>
    <package name="org.sonar.samples.duplicated_lines_within_package">
      <metrics coveredelements="0" coveredconditionals="0" ncloc="68" statements="42" loc="128" complexity="18"
               files="2" conditionals="28" coveredstatements="0" coveredmethods="0" methods="4" classes="2"
               elements="74"/>
      <file
          path="/Users/simon/projects/sonar/trunk/tests/integration/reference-projects/reference/src/main/java/org/sonar/samples/duplicated_lines_within_package/DuplicatedLinesInSamePackage1.java"
          name="DuplicatedLinesInSamePackage1.java">
        <metrics coveredelements="0" coveredconditionals="0" conditionals="14" ncloc="34" statements="21"
                 coveredmethods="0" coveredstatements="0" loc="63" methods="2" classes="1" complexity="9"
                 elements="37"/>
        <class name="DuplicatedLinesInSamePackage1">
          <metrics coveredelements="0" coveredconditionals="0" conditionals="14" statements="21" coveredmethods="0"
                   coveredstatements="0" methods="2" complexity="9" elements="37"/>
        </class>
        <line num="24" signature="DuplicatedLinesInSamePackage1()" type="method" complexity="1" count="0"/>
        <line num="30" signature="duplicatedMethodInSameClass1() : void" type="method" complexity="8" count="0"/>
        <line num="31" type="stmt" count="0"/>
        <line num="32" type="stmt" count="0"/>
        <line falsecount="0" num="32" type="cond" truecount="0"/>
        <line num="33" type="stmt" count="0"/>
        <line num="35" type="stmt" count="0"/>
        <line num="36" type="stmt" count="0"/>
        <line falsecount="0" num="36" type="cond" truecount="0"/>
        <line num="37" type="stmt" count="0"/>
        <line num="40" type="stmt" count="0"/>
        <line num="41" type="stmt" count="0"/>
        <line falsecount="0" num="41" type="cond" truecount="0"/>
        <line num="42" type="stmt" count="0"/>
        <line num="44" type="stmt" count="0"/>
        <line num="45" type="stmt" count="0"/>
        <line falsecount="0" num="45" type="cond" truecount="0"/>
        <line num="46" type="stmt" count="0"/>
        <line num="48" type="stmt" count="0"/>
        <line num="49" type="stmt" count="0"/>
        <line falsecount="0" num="49" type="cond" truecount="0"/>
        <line num="50" type="stmt" count="0"/>
        <line num="52" type="stmt" count="0"/>
        <line num="53" type="stmt" count="0"/>
        <line falsecount="0" num="53" type="cond" truecount="0"/>
        <line num="54" type="stmt" count="0"/>
        <line num="56" type="stmt" count="0"/>
        <line num="57" type="stmt" count="0"/>
        <line falsecount="0" num="57" type="cond" truecount="0"/>
        <line num="58" type="stmt" count="0"/>
      </file>
      <file
          path="/Users/simon/projects/sonar/trunk/tests/integration/reference-projects/reference/src/main/java/org/sonar/samples/duplicated_lines_within_package/DuplicatedLinesInSamePackage2.java"
          name="DuplicatedLinesInSamePackage2.java">
        <metrics coveredelements="0" coveredconditionals="0" conditionals="14" ncloc="34" statements="21"
                 coveredmethods="0" coveredstatements="0" loc="65" methods="2" classes="1" complexity="9"
                 elements="37"/>
        <class name="DuplicatedLinesInSamePackage2">
          <metrics coveredelements="0" coveredconditionals="0" conditionals="14" statements="21" coveredmethods="0"
                   coveredstatements="0" methods="2" complexity="9" elements="37"/>
        </class>
        <line num="24" signature="DuplicatedLinesInSamePackage2()" type="method" complexity="1" count="0"/>
        <line num="30" signature="duplicatedMethodInSameClass1() : void" type="method" complexity="8" count="0"/>
        <line num="31" type="stmt" count="0"/>
        <line num="32" type="stmt" count="0"/>
        <line falsecount="0" num="32" type="cond" truecount="0"/>
        <line num="33" type="stmt" count="0"/>
        <line num="35" type="stmt" count="0"/>
        <line num="36" type="stmt" count="0"/>
        <line falsecount="0" num="36" type="cond" truecount="0"/>
        <line num="37" type="stmt" count="0"/>
        <line num="40" type="stmt" count="0"/>
        <line num="41" type="stmt" count="0"/>
        <line falsecount="0" num="41" type="cond" truecount="0"/>
        <line num="42" type="stmt" count="0"/>
        <line num="44" type="stmt" count="0"/>
        <line num="45" type="stmt" count="0"/>
        <line falsecount="0" num="45" type="cond" truecount="0"/>
        <line num="46" type="stmt" count="0"/>
        <line num="48" type="stmt" count="0"/>
        <line num="49" type="stmt" count="0"/>
        <line falsecount="0" num="49" type="cond" truecount="0"/>
        <line num="50" type="stmt" count="0"/>
        <line num="54" type="stmt" count="0"/>
        <line num="55" type="stmt" count="0"/>
        <line falsecount="0" num="55" type="cond" truecount="0"/>
        <line num="56" type="stmt" count="0"/>
        <line num="58" type="stmt" count="0"/>
        <line num="59" type="stmt" count="0"/>
        <line falsecount="0" num="59" type="cond" truecount="0"/>
        <line num="60" type="stmt" count="0"/>
      </file>
    </package>
  </project>
  <testproject timestamp="1253282365324" name="Sonar tests - reference 1.0-SNAPSHOT">
    <metrics coveredelements="16" packages="1" coveredconditionals="0" ncloc="33" statements="11" loc="61"
             complexity="5" files="2" conditionals="0" coveredstatements="11" coveredmethods="5" methods="5" classes="2"
             elements="16"/>
    <package name="org.sonar.samples">
      <metrics coveredelements="16" coveredconditionals="0" ncloc="33" statements="11" loc="61" complexity="5" files="2"
               conditionals="0" coveredstatements="11" coveredmethods="5" methods="5" classes="2" elements="16"/>
      <file
          path="/Users/simon/projects/sonar/trunk/tests/integration/reference-projects/reference/src/test/java/org/sonar/samples/ClassUnderTestTest.java"
          name="ClassUnderTestTest.java">
        <metrics coveredelements="6" coveredconditionals="0" conditionals="0" ncloc="12" statements="4"
                 coveredmethods="2" coveredstatements="4" loc="16" methods="2" classes="1" complexity="2" elements="6"/>
        <class name="ClassUnderTestTest">
          <metrics coveredelements="6" coveredconditionals="0" conditionals="0" statements="4" coveredmethods="2"
                   coveredstatements="4" methods="2" complexity="2" elements="6"/>
        </class>
        <line num="7" signature="testHello() : void" type="method" complexity="1" count="1"/>
        <line num="8" type="stmt" count="1"/>
        <line num="9" type="stmt" count="1"/>
        <line num="12" signature="testToto() : void" type="method" complexity="1" count="1"/>
        <line num="13" type="stmt" count="1"/>
        <line num="14" type="stmt" count="1"/>
      </file>
      <file
          path="/Users/simon/projects/sonar/trunk/tests/integration/reference-projects/reference/src/test/java/org/sonar/samples/InnerClassTest.java"
          name="InnerClassTest.java">
        <metrics coveredelements="10" coveredconditionals="0" conditionals="0" ncloc="21" statements="7"
                 coveredmethods="3" coveredstatements="7" loc="45" methods="3" classes="1" complexity="3"
                 elements="10"/>
        <class name="InnerClassTest">
          <metrics coveredelements="10" coveredconditionals="0" conditionals="0" statements="7" coveredmethods="3"
                   coveredstatements="7" methods="3" complexity="3" elements="10"/>
        </class>
        <line num="27" signature="shouldTestMethodToTest() : void" type="method" complexity="1" count="1"/>
        <line num="29" type="stmt" count="1"/>
        <line num="30" type="stmt" count="1"/>
        <line num="33" signature="shouldTestInnerClassInside() : void" type="method" complexity="1" count="1"/>
        <line num="35" type="stmt" count="1"/>
        <line num="36" type="stmt" count="1"/>
        <line num="37" type="stmt" count="1"/>
        <line num="40" signature="shouldTestPrivateClass() : void" type="method" complexity="1" count="1"/>
        <line num="42" type="stmt" count="1"/>
        <line num="43" type="stmt" count="1"/>
      </file>
    </package>
  </testproject>
</coverage>