<?xml version="1.0" encoding="UTF-8" ?>
<testsuite failures="0" time="0.001" errors="0" skipped="0" tests="1" name="org.sonar.plugins.surefire.NestedInnerTest">
  <properties>
[...]
</properties>
  <testcase time="0" classname="org.sonar.plugins.surefire.NestedInnerTest$Inner1$Run" name="test1"/>
  <testcase time="0" classname="org.sonar.plugins.surefire.NestedInnerTest$Inner2$Run" name="test2"/>
  <testcase time="0" classname="org.sonar.plugins.surefire.NestedInnerTest$Inner3$Run" name="test3"/>
</testsuite>