<?xml version="1.0"?>
<!DOCTYPE coverage SYSTEM "http://cobertura.sourceforge.net/xml/coverage-04.dtd">

<coverage line-rate="0.6748129675810474" branch-rate="0.5783664459161147" lines-covered="1353" lines-valid="2005"
          branches-covered="524" branches-valid="906" complexity="2.2051282051282053" version="1.9.2"
          timestamp="1253257458277">
  <sources>
    <source>/Users/simon/projects/commons-chain/src/java</source>
    <source>--source</source>
  </sources>
  <packages>
    <package name="org.apache.commons.chain" line-rate="0.9024390243902439" branch-rate="0.6818181818181818"
             complexity="1.6875">
      <classes>
        <class name="org.apache.commons.chain.Catalog" filename="org/apache/commons/chain/Catalog.java" line-rate="1.0"
               branch-rate="1.0" complexity="1.0">
          <methods>
          </methods>
          <lines>
          </lines>
        </class>
        <class name="org.apache.commons.chain.CatalogFactory" filename="org/apache/commons/chain/CatalogFactory.java"
               line-rate="0.9024390243902439" branch-rate="0.6818181818181818" complexity="2.2222222222222223">
          <methods>
            <method name="&lt;clinit&gt;" signature="()V" line-rate="1.0" branch-rate="1.0">
              <lines>
                <line number="172" hits="3" branch="false"/>
              </lines>
            </method>
            <method name="&lt;init&gt;" signature="()V" line-rate="1.0" branch-rate="1.0">
              <lines>
                <line number="41" hits="36" branch="false"/>
              </lines>
            </method>
            <method name="class$" signature="(Ljava/lang/String;)Ljava/lang/Class;" line-rate="1.0" branch-rate="1.0">
              <lines>
                <line number="147" hits="9" branch="true" condition-coverage="100% (2/2)">
                  <conditions>
                    <condition number="0" type="jump" coverage="100%"/>
                  </conditions>
                </line>
              </lines>
            </method>
            <method name="clear" signature="()V" line-rate="1.0" branch-rate="1.0">
              <lines>
                <line number="212" hits="39" branch="false"/>
                <line number="213" hits="39" branch="false"/>
                <line number="214" hits="39" branch="false"/>
                <line number="216" hits="39" branch="false"/>
              </lines>
            </method>
            <method name="getClassLoader" signature="()Ljava/lang/ClassLoader;" line-rate="0.75" branch-rate="0.25">
              <lines>
                <line number="229" hits="234" branch="false"/>
                <line number="230" hits="234" branch="true" condition-coverage="50% (1/2)">
                  <conditions>
                    <condition number="0" type="jump" coverage="50%"/>
                  </conditions>
                </line>
                <line number="231" hits="0" branch="true" condition-coverage="0% (0/2)">
                  <conditions>
                    <condition number="0" type="jump" coverage="0%"/>
                  </conditions>
                </line>
                <line number="233" hits="234" branch="false"/>
              </lines>
            </method>
            <method name="getCommand" signature="(Ljava/lang/String;)Lorg/apache/commons/chain/Command;"
                    line-rate="0.8571428571428571" branch-rate="0.7142857142857143">
              <lines>
                <line number="127" hits="21" branch="false"/>
                <line number="128" hits="21" branch="false"/>
                <line number="129" hits="21" branch="false"/>
                <line number="131" hits="21" branch="true" condition-coverage="50% (1/2)">
                  <conditions>
                    <condition number="0" type="jump" coverage="50%"/>
                  </conditions>
                </line>
                <line number="132" hits="21" branch="false"/>
                <line number="133" hits="21" branch="true" condition-coverage="100% (2/2)">
                  <conditions>
                    <condition number="0" type="jump" coverage="100%"/>
                  </conditions>
                </line>
                <line number="134" hits="15" branch="false"/>
                <line number="135" hits="15" branch="false"/>
                <line number="136" hits="15" branch="true" condition-coverage="100% (2/2)">
                  <conditions>
                    <condition number="0" type="jump" coverage="100%"/>
                  </conditions>
                </line>
                <line number="137" hits="3" branch="false"/>
                <line number="144" hits="18" branch="true" condition-coverage="100% (2/2)">
                  <conditions>
                    <condition number="0" type="jump" coverage="100%"/>
                  </conditions>
                </line>
                <line number="145" hits="12" branch="false"/>
                <line number="146" hits="12" branch="true" condition-coverage="100% (2/2)">
                  <conditions>
                    <condition number="0" type="jump" coverage="100%"/>
                  </conditions>
                </line>
                <line number="148" hits="6" branch="false"/>
                <line number="149" hits="6" branch="false"/>
                <line number="152" hits="6" branch="false"/>
                <line number="153" hits="6" branch="true" condition-coverage="50% (1/2)">
                  <conditions>
                    <condition number="0" type="jump" coverage="50%"/>
                  </conditions>
                </line>
                <line number="154" hits="0" branch="true" condition-coverage="0% (0/2)">
                  <conditions>
                    <condition number="0" type="jump" coverage="0%"/>
                  </conditions>
                </line>
                <line number="155" hits="0" branch="false"/>
                <line number="156" hits="0" branch="false"/>
                <line number="160" hits="12" branch="false"/>
              </lines>
            </method>
            <method name="getInstance" signature="()Lorg/apache/commons/chain/CatalogFactory;" line-rate="1.0"
                    branch-rate="1.0">
              <lines>
                <line number="190" hits="195" branch="false"/>
                <line number="191" hits="195" branch="false"/>
                <line number="192" hits="195" branch="false"/>
                <line number="193" hits="195" branch="false"/>
                <line number="194" hits="195" branch="true" condition-coverage="100% (2/2)">
                  <conditions>
                    <condition number="0" type="jump" coverage="100%"/>
                  </conditions>
                </line>
                <line number="195" hits="36" branch="false"/>
                <line number="196" hits="36" branch="false"/>
                <line number="198" hits="195" branch="false"/>
                <line number="199" hits="195" branch="false"/>
              </lines>
            </method>
          </methods>
          <lines>
            <line number="41" hits="36" branch="false"/>
            <line number="127" hits="21" branch="false"/>
            <line number="128" hits="21" branch="false"/>
            <line number="129" hits="21" branch="false"/>
            <line number="131" hits="21" branch="true" condition-coverage="50% (1/2)">
              <conditions>
                <condition number="0" type="jump" coverage="50%"/>
              </conditions>
            </line>
            <line number="132" hits="21" branch="false"/>
            <line number="133" hits="21" branch="true" condition-coverage="100% (2/2)">
              <conditions>
                <condition number="0" type="jump" coverage="100%"/>
              </conditions>
            </line>
            <line number="134" hits="15" branch="false"/>
            <line number="135" hits="15" branch="false"/>
            <line number="136" hits="15" branch="true" condition-coverage="100% (2/2)">
              <conditions>
                <condition number="0" type="jump" coverage="100%"/>
              </conditions>
            </line>
            <line number="137" hits="3" branch="false"/>
            <line number="144" hits="18" branch="true" condition-coverage="100% (2/2)">
              <conditions>
                <condition number="0" type="jump" coverage="100%"/>
              </conditions>
            </line>
            <line number="145" hits="12" branch="false"/>
            <line number="146" hits="12" branch="true" condition-coverage="100% (2/2)">
              <conditions>
                <condition number="0" type="jump" coverage="100%"/>
              </conditions>
            </line>
            <line number="147" hits="9" branch="true" condition-coverage="100% (2/2)">
              <conditions>
                <condition number="0" type="jump" coverage="100%"/>
              </conditions>
            </line>
            <line number="148" hits="6" branch="false"/>
            <line number="149" hits="6" branch="false"/>
            <line number="152" hits="6" branch="false"/>
            <line number="153" hits="6" branch="true" condition-coverage="50% (1/2)">
              <conditions>
                <condition number="0" type="jump" coverage="50%"/>
              </conditions>
            </line>
            <line number="154" hits="0" branch="true" condition-coverage="0% (0/2)">
              <conditions>
                <condition number="0" type="jump" coverage="0%"/>
              </conditions>
            </line>
            <line number="155" hits="0" branch="false"/>
            <line number="156" hits="0" branch="false"/>
            <line number="160" hits="12" branch="false"/>
            <line number="172" hits="3" branch="false"/>
            <line number="190" hits="195" branch="false"/>
            <line number="191" hits="195" branch="false"/>
            <line number="192" hits="195" branch="false"/>
            <line number="193" hits="195" branch="false"/>
            <line number="194" hits="195" branch="true" condition-coverage="100% (2/2)">
              <conditions>
                <condition number="0" type="jump" coverage="100%"/>
              </conditions>
            </line>
            <line number="195" hits="36" branch="false"/>
            <line number="196" hits="36" branch="false"/>
            <line number="198" hits="195" branch="false"/>
            <line number="199" hits="195" branch="false"/>
            <line number="212" hits="39" branch="false"/>
            <line number="213" hits="39" branch="false"/>
            <line number="214" hits="39" branch="false"/>
            <line number="216" hits="39" branch="false"/>
            <line number="229" hits="234" branch="false"/>
            <line number="230" hits="234" branch="true" condition-coverage="50% (1/2)">
              <conditions>
                <condition number="0" type="jump" coverage="50%"/>
              </conditions>
            </line>
            <line number="231" hits="0" branch="true" condition-coverage="0% (0/2)">
              <conditions>
                <condition number="0" type="jump" coverage="0%"/>
              </conditions>
            </line>
            <line number="233" hits="234" branch="false"/>
          </lines>
        </class>
        <class name="org.apache.commons.chain.Chain" filename="org/apache/commons/chain/Chain.java" line-rate="1.0"
               branch-rate="1.0" complexity="1.0">
          <methods>
          </methods>
          <lines>
          </lines>
        </class>
        <class name="org.apache.commons.chain.Command" filename="org/apache/commons/chain/Command.java" line-rate="1.0"
               branch-rate="1.0" complexity="1.0">
          <methods>
          </methods>
          <lines>
          </lines>
        </class>
        <class name="org.apache.commons.chain.Context" filename="org/apache/commons/chain/Context.java" line-rate="1.0"
               branch-rate="1.0" complexity="0.0">
          <methods>
          </methods>
          <lines>
          </lines>
        </class>
        <class name="org.apache.commons.chain.Filter" filename="org/apache/commons/chain/Filter.java" line-rate="1.0"
               branch-rate="1.0" complexity="1.0">
          <methods>
          </methods>
          <lines>
          </lines>
        </class>
      </classes>
    </package>
    <package name="org.apache.commons.chain.config" line-rate="0.8048780487804879" branch-rate="0.7083333333333334"
             complexity="1.4333333333333333">
      <classes>
        <class name="org.apache.commons.chain.config.ConfigCatalogRule"
               filename="org/apache/commons/chain/config/ConfigCatalogRule.java" line-rate="1.0" branch-rate="1.0"
               complexity="2.5">
          <methods>
            <method name="&lt;init&gt;" signature="(Ljava/lang/String;Ljava/lang/String;)V" line-rate="1.0"
                    branch-rate="1.0">
              <lines>
                <line number="53" hits="60" branch="false"/>
                <line number="54" hits="60" branch="false"/>
                <line number="55" hits="60" branch="false"/>
                <line number="56" hits="60" branch="false"/>
                <line number="66" hits="60" branch="false"/>
                <line number="73" hits="60" branch="false"/>
              </lines>
            </method>
            <method name="begin" signature="(Ljava/lang/String;Ljava/lang/String;Lorg/xml/sax/Attributes;)V"
                    line-rate="1.0" branch-rate="1.0">
              <lines>
                <line number="96" hits="54" branch="false"/>
                <line number="97" hits="54" branch="false"/>
                <line number="98" hits="54" branch="false"/>
                <line number="99" hits="54" branch="true" condition-coverage="100% (2/2)">
                  <conditions>
                    <condition number="0" type="jump" coverage="100%"/>
                  </conditions>
                </line>
                <line number="100" hits="27" branch="false"/>
                <line number="102" hits="27" branch="false"/>
                <line number="106" hits="54" branch="true" condition-coverage="100% (2/2)">
                  <conditions>
                    <condition number="0" type="jump" coverage="100%"/>
                  </conditions>
                </line>
                <line number="107" hits="6" branch="false"/>
                <line number="108" hits="6" branch="false"/>
                <line number="109" hits="6" branch="true" condition-coverage="100% (2/2)">
                  <conditions>
                    <condition number="0" type="jump" coverage="100%"/>
                  </conditions>
                </line>
                <line number="110" hits="3" branch="false"/>
                <line number="112" hits="3" branch="false"/>
                <line number="117" hits="54" branch="false"/>
                <line number="119" hits="54" branch="false"/>
              </lines>
            </method>
          </methods>
          <lines>
            <line number="53" hits="60" branch="false"/>
            <line number="54" hits="60" branch="false"/>
            <line number="55" hits="60" branch="false"/>
            <line number="56" hits="60" branch="false"/>
            <line number="66" hits="60" branch="false"/>
            <line number="73" hits="60" branch="false"/>
            <line number="96" hits="54" branch="false"/>
            <line number="97" hits="54" branch="false"/>
            <line number="98" hits="54" branch="false"/>
            <line number="99" hits="54" branch="true" condition-coverage="100% (2/2)">
              <conditions>
                <condition number="0" type="jump" coverage="100%"/>
              </conditions>
            </line>
            <line number="100" hits="27" branch="false"/>
            <line number="102" hits="27" branch="false"/>
            <line number="106" hits="54" branch="true" condition-coverage="100% (2/2)">
              <conditions>
                <condition number="0" type="jump" coverage="100%"/>
              </conditions>
            </line>
            <line number="107" hits="6" branch="false"/>
            <line number="108" hits="6" branch="false"/>
            <line number="109" hits="6" branch="true" condition-coverage="100% (2/2)">
              <conditions>
                <condition number="0" type="jump" coverage="100%"/>
              </conditions>
            </line>
            <line number="110" hits="3" branch="false"/>
            <line number="112" hits="3" branch="false"/>
            <line number="117" hits="54" branch="false"/>
            <line number="119" hits="54" branch="false"/>
          </lines>
        </class>
        <class name="org.apache.commons.chain.config.ConfigDefineRule"
               filename="org/apache/commons/chain/config/ConfigDefineRule.java" line-rate="1.0" branch-rate="1.0"
               complexity="1.0">
          <methods>
            <method name="&lt;init&gt;" signature="(Ljava/lang/String;Ljava/lang/String;)V" line-rate="1.0"
                    branch-rate="1.0">
              <lines>
                <line number="52" hits="60" branch="false"/>
                <line number="53" hits="60" branch="false"/>
                <line number="54" hits="60" branch="false"/>
                <line number="55" hits="60" branch="false"/>
                <line number="66" hits="60" branch="false"/>
                <line number="73" hits="60" branch="false"/>
              </lines>
            </method>
            <method name="begin" signature="(Ljava/lang/String;Ljava/lang/String;Lorg/xml/sax/Attributes;)V"
                    line-rate="1.0" branch-rate="1.0">
              <lines>
                <line number="93" hits="243" branch="false"/>
                <line number="94" hits="243" branch="false"/>
                <line number="97" hits="243" branch="false"/>
                <line number="98" hits="243" branch="false"/>
                <line number="99" hits="243" branch="false"/>
                <line number="102" hits="243" branch="false"/>
              </lines>
            </method>
          </methods>
          <lines>
            <line number="52" hits="60" branch="false"/>
            <line number="53" hits="60" branch="false"/>
            <line number="54" hits="60" branch="false"/>
            <line number="55" hits="60" branch="false"/>
            <line number="66" hits="60" branch="false"/>
            <line number="73" hits="60" branch="false"/>
            <line number="93" hits="243" branch="false"/>
            <line number="94" hits="243" branch="false"/>
            <line number="97" hits="243" branch="false"/>
            <line number="98" hits="243" branch="false"/>
            <line number="99" hits="243" branch="false"/>
            <line number="102" hits="243" branch="false"/>
          </lines>
        </class>
        <class name="org.apache.commons.chain.config.ConfigParser"
               filename="org/apache/commons/chain/config/ConfigParser.java" line-rate="0.8333333333333334"
               branch-rate="0.6666666666666666" complexity="1.2857142857142858">
          <methods>
            <method name="&lt;init&gt;" signature="()V" line-rate="1.0" branch-rate="1.0">
              <lines>
                <line number="38" hits="63" branch="false"/>
                <line number="47" hits="63" branch="false"/>
                <line number="54" hits="63" branch="false"/>
                <line number="60" hits="63" branch="false"/>
              </lines>
            </method>
            <method name="getDigester" signature="()Lorg/apache/commons/digester/Digester;" line-rate="1.0"
                    branch-rate="0.5">
              <lines>
                <line number="73" hits="60" branch="true" condition-coverage="50% (1/2)">
                  <conditions>
                    <condition number="0" type="jump" coverage="50%"/>
                  </conditions>
                </line>
                <line number="74" hits="60" branch="false"/>
                <line number="75" hits="60" branch="false"/>
                <line number="76" hits="60" branch="true" condition-coverage="50% (1/2)">
                  <conditions>
                    <condition number="0" type="jump" coverage="50%"/>
                  </conditions>
                </line>
                <line number="77" hits="60" branch="false"/>
                <line number="78" hits="60" branch="false"/>
                <line number="79" hits="60" branch="false"/>
                <line number="81" hits="60" branch="false"/>
              </lines>
            </method>
            <method name="getRuleSet" signature="()Lorg/apache/commons/digester/RuleSet;" line-rate="1.0"
                    branch-rate="1.0">
              <lines>
                <line number="93" hits="66" branch="true" condition-coverage="100% (2/2)">
                  <conditions>
                    <condition number="0" type="jump" coverage="100%"/>
                  </conditions>
                </line>
                <line number="94" hits="60" branch="false"/>
                <line number="96" hits="66" branch="false"/>
              </lines>
            </method>
            <method name="getUseContextClassLoader" signature="()Z" line-rate="1.0" branch-rate="1.0">
              <lines>
                <line number="123" hits="66" branch="false"/>
              </lines>
            </method>
            <method name="parse" signature="(Ljava/net/URL;)V" line-rate="1.0" branch-rate="1.0">
              <lines>
                <line number="186" hits="27" branch="false"/>
                <line number="187" hits="27" branch="false"/>
                <line number="190" hits="27" branch="false"/>
                <line number="192" hits="27" branch="false"/>
              </lines>
            </method>
            <method name="parse" signature="(Lorg/apache/commons/chain/Catalog;Ljava/net/URL;)V" line-rate="1.0"
                    branch-rate="1.0">
              <lines>
                <line number="162" hits="27" branch="false"/>
                <line number="163" hits="27" branch="false"/>
                <line number="164" hits="27" branch="false"/>
                <line number="167" hits="27" branch="false"/>
                <line number="169" hits="27" branch="false"/>
              </lines>
            </method>
            <method name="setRuleSet" signature="(Lorg/apache/commons/digester/RuleSet;)V" line-rate="0.0"
                    branch-rate="1.0">
              <lines>
                <line number="109" hits="0" branch="false"/>
                <line number="110" hits="0" branch="false"/>
                <line number="112" hits="0" branch="false"/>
              </lines>
            </method>
            <method name="setUseContextClassLoader" signature="(Z)V" line-rate="0.0" branch-rate="1.0">
              <lines>
                <line number="135" hits="0" branch="false"/>
                <line number="137" hits="0" branch="false"/>
              </lines>
            </method>
          </methods>
          <lines>
            <line number="38" hits="63" branch="false"/>
            <line number="47" hits="63" branch="false"/>
            <line number="54" hits="63" branch="false"/>
            <line number="60" hits="63" branch="false"/>
            <line number="73" hits="60" branch="true" condition-coverage="50% (1/2)">
              <conditions>
                <condition number="0" type="jump" coverage="50%"/>
              </conditions>
            </line>
            <line number="74" hits="60" branch="false"/>
            <line number="75" hits="60" branch="false"/>
            <line number="76" hits="60" branch="true" condition-coverage="50% (1/2)">
              <conditions>
                <condition number="0" type="jump" coverage="50%"/>
              </conditions>
            </line>
            <line number="77" hits="60" branch="false"/>
            <line number="78" hits="60" branch="false"/>
            <line number="79" hits="60" branch="false"/>
            <line number="81" hits="60" branch="false"/>
            <line number="93" hits="66" branch="true" condition-coverage="100% (2/2)">
              <conditions>
                <condition number="0" type="jump" coverage="100%"/>
              </conditions>
            </line>
            <line number="94" hits="60" branch="false"/>
            <line number="96" hits="66" branch="false"/>
            <line number="109" hits="0" branch="false"/>
            <line number="110" hits="0" branch="false"/>
            <line number="112" hits="0" branch="false"/>
            <line number="123" hits="66" branch="false"/>
            <line number="135" hits="0" branch="false"/>
            <line number="137" hits="0" branch="false"/>
            <line number="162" hits="27" branch="false"/>
            <line number="163" hits="27" branch="false"/>
            <line number="164" hits="27" branch="false"/>
            <line number="167" hits="27" branch="false"/>
            <line number="169" hits="27" branch="false"/>
            <line number="186" hits="27" branch="false"/>
            <line number="187" hits="27" branch="false"/>
            <line number="190" hits="27" branch="false"/>
            <line number="192" hits="27" branch="false"/>
          </lines>
        </class>
        <class name="org.apache.commons.chain.config.ConfigRegisterRule"
               filename="org/apache/commons/chain/config/ConfigRegisterRule.java" line-rate="0.8888888888888888"
               branch-rate="0.5833333333333334" complexity="5.0">
          <methods>
            <method name="&lt;init&gt;" signature="(Ljava/lang/String;)V" line-rate="1.0" branch-rate="1.0">
              <lines>
                <line number="52" hits="363" branch="false"/>
                <line number="53" hits="363" branch="false"/>
                <line number="54" hits="363" branch="false"/>
                <line number="64" hits="363" branch="false"/>
              </lines>
            </method>
            <method name="begin" signature="(Ljava/lang/String;Ljava/lang/String;Lorg/xml/sax/Attributes;)V"
                    line-rate="0.8571428571428571" branch-rate="0.5833333333333334">
              <lines>
                <line number="84" hits="2214" branch="false"/>
                <line number="85" hits="2214" branch="true" condition-coverage="50% (2/4)">
                  <conditions>
                    <condition number="0" type="jump" coverage="50%"/>
                    <condition number="1" type="jump" coverage="50%"/>
                  </conditions>
                </line>
                <line number="87" hits="0" branch="false"/>
                <line number="89" hits="2214" branch="false"/>
                <line number="92" hits="2214" branch="false"/>
                <line number="93" hits="2214" branch="true" condition-coverage="50% (1/2)">
                  <conditions>
                    <condition number="0" type="jump" coverage="50%"/>
                  </conditions>
                </line>
                <line number="94" hits="0" branch="false"/>
                <line number="98" hits="2214" branch="true" condition-coverage="100% (2/2)">
                  <conditions>
                    <condition number="0" type="jump" coverage="100%"/>
                  </conditions>
                </line>
                <line number="99" hits="918" branch="false"/>
                <line number="100" hits="918" branch="true" condition-coverage="50% (1/2)">
                  <conditions>
                    <condition number="0" type="jump" coverage="50%"/>
                  </conditions>
                </line>
                <line number="101" hits="918" branch="false"/>
                <line number="103" hits="918" branch="true" condition-coverage="50% (1/2)">
                  <conditions>
                    <condition number="0" type="jump" coverage="50%"/>
                  </conditions>
                </line>
                <line number="104" hits="1296" branch="false"/>
                <line number="107" hits="2214" branch="false"/>
              </lines>
            </method>
          </methods>
          <lines>
            <line number="52" hits="363" branch="false"/>
            <line number="53" hits="363" branch="false"/>
            <line number="54" hits="363" branch="false"/>
            <line number="64" hits="363" branch="false"/>
            <line number="84" hits="2214" branch="false"/>
            <line number="85" hits="2214" branch="true" condition-coverage="50% (2/4)">
              <conditions>
                <condition number="0" type="jump" coverage="50%"/>
                <condition number="1" type="jump" coverage="50%"/>
              </conditions>
            </line>
            <line number="87" hits="0" branch="false"/>
            <line number="89" hits="2214" branch="false"/>
            <line number="92" hits="2214" branch="false"/>
            <line number="93" hits="2214" branch="true" condition-coverage="50% (1/2)">
              <conditions>
                <condition number="0" type="jump" coverage="50%"/>
              </conditions>
            </line>
            <line number="94" hits="0" branch="false"/>
            <line number="98" hits="2214" branch="true" condition-coverage="100% (2/2)">
              <conditions>
                <condition number="0" type="jump" coverage="100%"/>
              </conditions>
            </line>
            <line number="99" hits="918" branch="false"/>
            <line number="100" hits="918" branch="true" condition-coverage="50% (1/2)">
              <conditions>
                <condition number="0" type="jump" coverage="50%"/>
              </conditions>
            </line>
            <line number="101" hits="918" branch="false"/>
            <line number="103" hits="918" branch="true" condition-coverage="50% (1/2)">
              <conditions>
                <condition number="0" type="jump" coverage="50%"/>
              </conditions>
            </line>
            <line number="104" hits="1296" branch="false"/>
            <line number="107" hits="2214" branch="false"/>
          </lines>
        </class>
        <class name="org.apache.commons.chain.config.ConfigRuleSet"
               filename="org/apache/commons/chain/config/ConfigRuleSet.java" line-rate="0.6046511627906976"
               branch-rate="1.0" complexity="1.0">
          <methods>
            <method name="&lt;init&gt;" signature="()V" line-rate="1.0" branch-rate="1.0">
              <lines>
                <line number="80" hits="60" branch="false"/>
                <line number="86" hits="60" branch="false"/>
                <line number="87" hits="60" branch="false"/>
                <line number="88" hits="60" branch="false"/>
                <line number="89" hits="60" branch="false"/>
                <line number="90" hits="60" branch="false"/>
                <line number="91" hits="60" branch="false"/>
                <line number="92" hits="60" branch="false"/>
                <line number="93" hits="60" branch="false"/>
              </lines>
            </method>
            <method name="addRuleInstances" signature="(Lorg/apache/commons/digester/Digester;)V" line-rate="1.0"
                    branch-rate="1.0">
              <lines>
                <line number="272" hits="60" branch="false"/>
                <line number="274" hits="60" branch="false"/>
                <line number="277" hits="60" branch="false"/>
                <line number="280" hits="60" branch="false"/>
                <line number="281" hits="60" branch="false"/>
                <line number="285" hits="60" branch="false"/>
                <line number="288" hits="60" branch="false"/>
                <line number="289" hits="60" branch="false"/>
                <line number="293" hits="60" branch="false"/>
                <line number="297" hits="60" branch="false"/>
              </lines>
            </method>
            <method name="getCatalogClass" signature="()Ljava/lang/String;" line-rate="0.0" branch-rate="1.0">
              <lines>
                <line number="105" hits="0" branch="false"/>
              </lines>
            </method>
            <method name="getCatalogElement" signature="()Ljava/lang/String;" line-rate="1.0" branch-rate="1.0">
              <lines>
                <line number="126" hits="120" branch="false"/>
              </lines>
            </method>
            <method name="getChainClass" signature="()Ljava/lang/String;" line-rate="1.0" branch-rate="1.0">
              <lines>
                <line number="146" hits="60" branch="false"/>
              </lines>
            </method>
            <method name="getChainElement" signature="()Ljava/lang/String;" line-rate="1.0" branch-rate="1.0">
              <lines>
                <line number="167" hits="186" branch="false"/>
              </lines>
            </method>
            <method name="getClassAttribute" signature="()Ljava/lang/String;" line-rate="1.0" branch-rate="1.0">
              <lines>
                <line number="186" hits="186" branch="false"/>
              </lines>
            </method>
            <method name="getCommandElement" signature="()Ljava/lang/String;" line-rate="1.0" branch-rate="1.0">
              <lines>
                <line number="205" hits="186" branch="false"/>
              </lines>
            </method>
            <method name="getDefineElement" signature="()Ljava/lang/String;" line-rate="1.0" branch-rate="1.0">
              <lines>
                <line number="224" hits="60" branch="false"/>
              </lines>
            </method>
            <method name="getNameAttribute" signature="()Ljava/lang/String;" line-rate="1.0" branch-rate="1.0">
              <lines>
                <line number="243" hits="66" branch="false"/>
              </lines>
            </method>
            <method name="setCatalogClass" signature="(Ljava/lang/String;)V" line-rate="0.0" branch-rate="1.0">
              <lines>
                <line number="117" hits="0" branch="false"/>
                <line number="118" hits="0" branch="false"/>
              </lines>
            </method>
            <method name="setCatalogElement" signature="(Ljava/lang/String;)V" line-rate="0.0" branch-rate="1.0">
              <lines>
                <line number="136" hits="0" branch="false"/>
                <line number="137" hits="0" branch="false"/>
              </lines>
            </method>
            <method name="setChainClass" signature="(Ljava/lang/String;)V" line-rate="0.0" branch-rate="1.0">
              <lines>
                <line number="158" hits="0" branch="false"/>
                <line number="159" hits="0" branch="false"/>
              </lines>
            </method>
            <method name="setChainElement" signature="(Ljava/lang/String;)V" line-rate="0.0" branch-rate="1.0">
              <lines>
                <line number="177" hits="0" branch="false"/>
                <line number="178" hits="0" branch="false"/>
              </lines>
            </method>
            <method name="setClassAttribute" signature="(Ljava/lang/String;)V" line-rate="0.0" branch-rate="1.0">
              <lines>
                <line number="196" hits="0" branch="false"/>
                <line number="197" hits="0" branch="false"/>
              </lines>
            </method>
            <method name="setCommandElement" signature="(Ljava/lang/String;)V" line-rate="0.0" branch-rate="1.0">
              <lines>
                <line number="215" hits="0" branch="false"/>
                <line number="216" hits="0" branch="false"/>
              </lines>
            </method>
            <method name="setDefineElement" signature="(Ljava/lang/String;)V" line-rate="0.0" branch-rate="1.0">
              <lines>
                <line number="234" hits="0" branch="false"/>
                <line number="235" hits="0" branch="false"/>
              </lines>
            </method>
            <method name="setNameAttribute" signature="(Ljava/lang/String;)V" line-rate="0.0" branch-rate="1.0">
              <lines>
                <line number="253" hits="0" branch="false"/>
                <line number="254" hits="0" branch="false"/>
              </lines>
            </method>
          </methods>
          <lines>
            <line number="80" hits="60" branch="false"/>
            <line number="86" hits="60" branch="false"/>
            <line number="87" hits="60" branch="false"/>
            <line number="88" hits="60" branch="false"/>
            <line number="89" hits="60" branch="false"/>
            <line number="90" hits="60" branch="false"/>
            <line number="91" hits="60" branch="false"/>
            <line number="92" hits="60" branch="false"/>
            <line number="93" hits="60" branch="false"/>
            <line number="105" hits="0" branch="false"/>
            <line number="117" hits="0" branch="false"/>
            <line number="118" hits="0" branch="false"/>
            <line number="126" hits="120" branch="false"/>
            <line number="136" hits="0" branch="false"/>
            <line number="137" hits="0" branch="false"/>
            <line number="146" hits="60" branch="false"/>
            <line number="158" hits="0" branch="false"/>
            <line number="159" hits="0" branch="false"/>
            <line number="167" hits="186" branch="false"/>
            <line number="177" hits="0" branch="false"/>
            <line number="178" hits="0" branch="false"/>
            <line number="186" hits="186" branch="false"/>
            <line number="196" hits="0" branch="false"/>
            <line number="197" hits="0" branch="false"/>
            <line number="205" hits="186" branch="false"/>
            <line number="215" hits="0" branch="false"/>
            <line number="216" hits="0" branch="false"/>
            <line number="224" hits="60" branch="false"/>
            <line number="234" hits="0" branch="false"/>
            <line number="235" hits="0" branch="false"/>
            <line number="243" hits="66" branch="false"/>
            <line number="253" hits="0" branch="false"/>
            <line number="254" hits="0" branch="false"/>
            <line number="272" hits="60" branch="false"/>
            <line number="274" hits="60" branch="false"/>
            <line number="277" hits="60" branch="false"/>
            <line number="280" hits="60" branch="false"/>
            <line number="281" hits="60" branch="false"/>
            <line number="285" hits="60" branch="false"/>
            <line number="288" hits="60" branch="false"/>
            <line number="289" hits="60" branch="false"/>
            <line number="293" hits="60" branch="false"/>
            <line number="297" hits="60" branch="false"/>
          </lines>
        </class>
      </classes>
    </package>
    <package name="org.apache.commons.chain.generic" line-rate="0.6388888888888888" branch-rate="0.515625"
             complexity="1.98">
      <classes>
        <class name="org.apache.commons.chain.generic.CopyCommand"
               filename="org/apache/commons/chain/generic/CopyCommand.java" line-rate="0.0" branch-rate="0.0"
               complexity="1.2857142857142858">
          <methods>
            <method name="&lt;init&gt;" signature="()V" line-rate="0.0" branch-rate="1.0">
              <lines>
                <line number="32" hits="0" branch="false"/>
                <line number="38" hits="0" branch="false"/>
                <line number="64" hits="0" branch="false"/>
                <line number="90" hits="0" branch="false"/>
              </lines>
            </method>
            <method name="execute" signature="(Lorg/apache/commons/chain/Context;)Z" line-rate="0.0" branch-rate="0.0">
              <lines>
                <line number="130" hits="0" branch="false"/>
                <line number="132" hits="0" branch="true" condition-coverage="0% (0/2)">
                  <conditions>
                    <condition number="0" type="jump" coverage="0%"/>
                  </conditions>
                </line>
                <line number="133" hits="0" branch="false"/>
                <line number="136" hits="0" branch="true" condition-coverage="0% (0/2)">
                  <conditions>
                    <condition number="0" type="jump" coverage="0%"/>
                  </conditions>
                </line>
                <line number="137" hits="0" branch="false"/>
                <line number="139" hits="0" branch="false"/>
                <line number="142" hits="0" branch="false"/>
              </lines>
            </method>
            <method name="getFromKey" signature="()Ljava/lang/String;" line-rate="0.0" branch-rate="1.0">
              <lines>
                <line number="47" hits="0" branch="false"/>
              </lines>
            </method>
            <method name="getToKey" signature="()Ljava/lang/String;" line-rate="0.0" branch-rate="1.0">
              <lines>
                <line number="73" hits="0" branch="false"/>
              </lines>
            </method>
            <method name="getValue" signature="()Ljava/lang/String;" line-rate="0.0" branch-rate="1.0">
              <lines>
                <line number="99" hits="0" branch="false"/>
              </lines>
            </method>
            <method name="setFromKey" signature="(Ljava/lang/String;)V" line-rate="0.0" branch-rate="1.0">
              <lines>
                <line number="59" hits="0" branch="false"/>
                <line number="61" hits="0" branch="false"/>
              </lines>
            </method>
            <method name="setToKey" signature="(Ljava/lang/String;)V" line-rate="0.0" branch-rate="1.0">
              <lines>
                <line number="85" hits="0" branch="false"/>
                <line number="87" hits="0" branch="false"/>
              </lines>
            </method>
            <method name="setValue" signature="(Ljava/lang/String;)V" line-rate="0.0" branch-rate="1.0">
              <lines>
                <line number="111" hits="0" branch="false"/>
                <line number="113" hits="0" branch="false"/>
              </lines>
            </method>
          </methods>
          <lines>
            <line number="32" hits="0" branch="false"/>
            <line number="38" hits="0" branch="false"/>
            <line number="47" hits="0" branch="false"/>
            <line number="59" hits="0" branch="false"/>
            <line number="61" hits="0" branch="false"/>
            <line number="64" hits="0" branch="false"/>
            <line number="73" hits="0" branch="false"/>
            <line number="85" hits="0" branch="false"/>
            <line number="87" hits="0" branch="false"/>
            <line number="90" hits="0" branch="false"/>
            <line number="99" hits="0" branch="false"/>
            <line number="111" hits="0" branch="false"/>
            <line number="113" hits="0" branch="false"/>
            <line number="130" hits="0" branch="false"/>
            <line number="132" hits="0" branch="true" condition-coverage="0% (0/2)">
              <conditions>
                <condition number="0" type="jump" coverage="0%"/>
              </conditions>
            </line>
            <line number="133" hits="0" branch="false"/>
            <line number="136" hits="0" branch="true" condition-coverage="0% (0/2)">
              <conditions>
                <condition number="0" type="jump" coverage="0%"/>
              </conditions>
            </line>
            <line number="137" hits="0" branch="false"/>
            <line number="139" hits="0" branch="false"/>
            <line number="142" hits="0" branch="false"/>
          </lines>
        </class>
        <class name="org.apache.commons.chain.generic.DispatchCommand"
               filename="org/apache/commons/chain/generic/DispatchCommand.java" line-rate="0.8157894736842105"
               branch-rate="0.625" complexity="2.4444444444444446">
          <methods>
            <method name="&lt;clinit&gt;" signature="()V" line-rate="1.0" branch-rate="1.0">
              <lines>
                <line number="49" hits="6" branch="false"/>
              </lines>
            </method>
            <method name="&lt;init&gt;" signature="()V" line-rate="1.0" branch-rate="1.0">
              <lines>
                <line number="34" hits="9" branch="false"/>
                <line number="37" hits="9" branch="false"/>
                <line number="40" hits="9" branch="false"/>
                <line number="43" hits="9" branch="false"/>
              </lines>
            </method>
            <method name="class$" signature="(Ljava/lang/String;)Ljava/lang/Class;" line-rate="1.0" branch-rate="1.0">
              <lines>
              </lines>
            </method>
            <method name="evaluateResult" signature="(Ljava/lang/Object;)Z" line-rate="1.0" branch-rate="0.75">
              <lines>
                <line number="128" hits="9" branch="false"/>
                <line number="129" hits="9" branch="true" condition-coverage="75% (3/4)">
                  <conditions>
                    <condition number="0" type="jump" coverage="50%"/>
                    <condition number="1" type="jump" coverage="100%"/>
                  </conditions>
                </line>
              </lines>
            </method>
            <method name="execute" signature="(Lorg/apache/commons/chain/Context;)Z" line-rate="0.3333333333333333"
                    branch-rate="0.5">
              <lines>
                <line number="65" hits="9" branch="true" condition-coverage="75% (3/4)">
                  <conditions>
                    <condition number="0" type="jump" coverage="100%"/>
                    <condition number="1" type="jump" coverage="50%"/>
                  </conditions>
                </line>
                <line number="66" hits="0" branch="false"/>
                <line number="69" hits="9" branch="false"/>
                <line number="72" hits="9" branch="false"/>
                <line number="73" hits="0" branch="false"/>
                <line number="74" hits="0" branch="false"/>
                <line number="75" hits="0" branch="true" condition-coverage="0% (0/2)">
                  <conditions>
                    <condition number="0" type="jump" coverage="0%"/>
                  </conditions>
                </line>
                <line number="76" hits="0" branch="false"/>
                <line number="78" hits="0" branch="false"/>
              </lines>
            </method>
            <method name="extractMethod" signature="(Lorg/apache/commons/chain/Context;)Ljava/lang/reflect/Method;"
                    line-rate="0.9285714285714286" branch-rate="0.6666666666666666">
              <lines>
                <line number="94" hits="9" branch="false"/>
                <line number="96" hits="9" branch="true" condition-coverage="100% (2/2)">
                  <conditions>
                    <condition number="0" type="jump" coverage="100%"/>
                  </conditions>
                </line>
                <line number="97" hits="3" branch="false"/>
                <line number="98" hits="3" branch="true" condition-coverage="50% (1/2)">
                  <conditions>
                    <condition number="0" type="jump" coverage="50%"/>
                  </conditions>
                </line>
                <line number="99" hits="0" branch="false"/>
                <line number="101" hits="3" branch="false"/>
                <line number="105" hits="9" branch="false"/>
                <line number="107" hits="9" branch="false"/>
                <line number="108" hits="9" branch="false"/>
                <line number="110" hits="9" branch="true" condition-coverage="50% (1/2)">
                  <conditions>
                    <condition number="0" type="jump" coverage="50%"/>
                  </conditions>
                </line>
                <line number="111" hits="9" branch="false"/>
                <line number="112" hits="9" branch="false"/>
                <line number="114" hits="9" branch="false"/>
                <line number="116" hits="9" branch="false"/>
              </lines>
            </method>
            <method name="getArguments" signature="(Lorg/apache/commons/chain/Context;)[Ljava/lang/Object;"
                    line-rate="1.0" branch-rate="1.0">
              <lines>
                <line number="151" hits="6" branch="false"/>
              </lines>
            </method>
            <method name="getMethod" signature="()Ljava/lang/String;" line-rate="1.0" branch-rate="1.0">
              <lines>
                <line number="159" hits="18" branch="false"/>
              </lines>
            </method>
            <method name="getMethodKey" signature="()Ljava/lang/String;" line-rate="1.0" branch-rate="1.0">
              <lines>
                <line number="167" hits="6" branch="false"/>
              </lines>
            </method>
            <method name="getSignature" signature="()[Ljava/lang/Class;" line-rate="1.0" branch-rate="1.0">
              <lines>
                <line number="138" hits="6" branch="false"/>
              </lines>
            </method>
            <method name="setMethod" signature="(Ljava/lang/String;)V" line-rate="1.0" branch-rate="1.0">
              <lines>
                <line number="175" hits="6" branch="false"/>
                <line number="176" hits="6" branch="false"/>
              </lines>
            </method>
            <method name="setMethodKey" signature="(Ljava/lang/String;)V" line-rate="1.0" branch-rate="1.0">
              <lines>
                <line number="183" hits="3" branch="false"/>
                <line number="184" hits="3" branch="false"/>
              </lines>
            </method>
          </methods>
          <lines>
            <line number="34" hits="9" branch="false"/>
            <line number="37" hits="9" branch="false"/>
            <line number="40" hits="9" branch="false"/>
            <line number="43" hits="9" branch="false"/>
            <line number="49" hits="6" branch="false"/>
            <line number="65" hits="9" branch="true" condition-coverage="75% (3/4)">
              <conditions>
                <condition number="0" type="jump" coverage="100%"/>
                <condition number="1" type="jump" coverage="50%"/>
              </conditions>
            </line>
            <line number="66" hits="0" branch="false"/>
            <line number="69" hits="9" branch="false"/>
            <line number="72" hits="9" branch="false"/>
            <line number="73" hits="0" branch="false"/>
            <line number="74" hits="0" branch="false"/>
            <line number="75" hits="0" branch="true" condition-coverage="0% (0/2)">
              <conditions>
                <condition number="0" type="jump" coverage="0%"/>
              </conditions>
            </line>
            <line number="76" hits="0" branch="false"/>
            <line number="78" hits="0" branch="false"/>
            <line number="94" hits="9" branch="false"/>
            <line number="96" hits="9" branch="true" condition-coverage="100% (2/2)">
              <conditions>
                <condition number="0" type="jump" coverage="100%"/>
              </conditions>
            </line>
            <line number="97" hits="3" branch="false"/>
            <line number="98" hits="3" branch="true" condition-coverage="50% (1/2)">
              <conditions>
                <condition number="0" type="jump" coverage="50%"/>
              </conditions>
            </line>
            <line number="99" hits="0" branch="false"/>
            <line number="101" hits="3" branch="false"/>
            <line number="105" hits="9" branch="false"/>
            <line number="107" hits="9" branch="false"/>
            <line number="108" hits="9" branch="false"/>
            <line number="110" hits="9" branch="true" condition-coverage="50% (1/2)">
              <conditions>
                <condition number="0" type="jump" coverage="50%"/>
              </conditions>
            </line>
            <line number="111" hits="9" branch="false"/>
            <line number="112" hits="9" branch="false"/>
            <line number="114" hits="9" branch="false"/>
            <line number="116" hits="9" branch="false"/>
            <line number="128" hits="9" branch="false"/>
            <line number="129" hits="9" branch="true" condition-coverage="75% (3/4)">
              <conditions>
                <condition number="0" type="jump" coverage="50%"/>
                <condition number="1" type="jump" coverage="100%"/>
              </conditions>
            </line>
            <line number="138" hits="6" branch="false"/>
            <line number="151" hits="6" branch="false"/>
            <line number="159" hits="18" branch="false"/>
            <line number="167" hits="6" branch="false"/>
            <line number="175" hits="6" branch="false"/>
            <line number="176" hits="6" branch="false"/>
            <line number="183" hits="3" branch="false"/>
            <line number="184" hits="3" branch="false"/>
          </lines>
        </class>
        <class name="org.apache.commons.chain.generic.DispatchLookupCommand"
               filename="org/apache/commons/chain/generic/DispatchLookupCommand.java" line-rate="0.8717948717948718"
               branch-rate="0.625" complexity="2.0">
          <methods>
            <method name="&lt;clinit&gt;" signature="()V" line-rate="1.0" branch-rate="1.0">
              <lines>
                <line number="81" hits="3" branch="false"/>
              </lines>
            </method>
            <method name="&lt;init&gt;" signature="()V" line-rate="1.0" branch-rate="1.0">
              <lines>
                <line number="64" hits="18" branch="false"/>
              </lines>
            </method>
            <method name="&lt;init&gt;" signature="(Lorg/apache/commons/chain/CatalogFactory;)V" line-rate="0.6"
                    branch-rate="1.0">
              <lines>
                <line number="72" hits="0" branch="false"/>
                <line number="73" hits="0" branch="false"/>
                <line number="87" hits="9" branch="false"/>
                <line number="92" hits="9" branch="false"/>
                <line number="93" hits="9" branch="false"/>
              </lines>
            </method>
            <method name="class$" signature="(Ljava/lang/String;)Ljava/lang/Class;" line-rate="1.0" branch-rate="1.0">
              <lines>
                <line number="82" hits="3" branch="false"/>
              </lines>
            </method>
            <method name="execute" signature="(Lorg/apache/commons/chain/Context;)Z" line-rate="0.7777777777777778"
                    branch-rate="0.6">
              <lines>
                <line number="142" hits="15" branch="true" condition-coverage="75% (3/4)">
                  <conditions>
                    <condition number="0" type="jump" coverage="100%"/>
                    <condition number="1" type="jump" coverage="50%"/>
                  </conditions>
                </line>
                <line number="143" hits="0" branch="false"/>
                <line number="148" hits="15" branch="false"/>
                <line number="150" hits="12" branch="true" condition-coverage="50% (1/2)">
                  <conditions>
                    <condition number="0" type="jump" coverage="50%"/>
                  </conditions>
                </line>
                <line number="151" hits="12" branch="false"/>
                <line number="152" hits="12" branch="false"/>
                <line number="153" hits="12" branch="false"/>
                <line number="155" hits="12" branch="true" condition-coverage="50% (2/4)">
                  <conditions>
                    <condition number="0" type="jump" coverage="50%"/>
                    <condition number="1" type="jump" coverage="50%"/>
                  </conditions>
                </line>
                <line number="157" hits="0" branch="false"/>
              </lines>
            </method>
            <method name="extractMethod"
                    signature="(Lorg/apache/commons/chain/Command;Lorg/apache/commons/chain/Context;)Ljava/lang/reflect/Method;"
                    line-rate="0.9285714285714286" branch-rate="0.6666666666666666">
              <lines>
                <line number="214" hits="12" branch="false"/>
                <line number="216" hits="12" branch="true" condition-coverage="100% (2/2)">
                  <conditions>
                    <condition number="0" type="jump" coverage="100%"/>
                  </conditions>
                </line>
                <line number="217" hits="6" branch="false"/>
                <line number="218" hits="6" branch="true" condition-coverage="50% (1/2)">
                  <conditions>
                    <condition number="0" type="jump" coverage="50%"/>
                  </conditions>
                </line>
                <line number="219" hits="0" branch="false"/>
                <line number="222" hits="6" branch="false"/>
                <line number="226" hits="12" branch="false"/>
                <line number="228" hits="12" branch="false"/>
                <line number="229" hits="12" branch="false"/>
                <line number="231" hits="12" branch="true" condition-coverage="50% (1/2)">
                  <conditions>
                    <condition number="0" type="jump" coverage="50%"/>
                  </conditions>
                </line>
                <line number="232" hits="12" branch="false"/>
                <line number="234" hits="12" branch="false"/>
                <line number="236" hits="12" branch="false"/>
                <line number="238" hits="12" branch="false"/>
              </lines>
            </method>
            <method name="getArguments" signature="(Lorg/apache/commons/chain/Context;)[Ljava/lang/Object;"
                    line-rate="1.0" branch-rate="1.0">
              <lines>
                <line number="189" hits="12" branch="false"/>
              </lines>
            </method>
            <method name="getMethod" signature="()Ljava/lang/String;" line-rate="1.0" branch-rate="1.0">
              <lines>
                <line number="100" hits="27" branch="false"/>
              </lines>
            </method>
            <method name="getMethodKey" signature="()Ljava/lang/String;" line-rate="1.0" branch-rate="1.0">
              <lines>
                <line number="108" hits="12" branch="false"/>
              </lines>
            </method>
            <method name="getSignature" signature="()[Ljava/lang/Class;" line-rate="1.0" branch-rate="1.0">
              <lines>
                <line number="174" hits="12" branch="false"/>
              </lines>
            </method>
            <method name="setMethod" signature="(Ljava/lang/String;)V" line-rate="1.0" branch-rate="1.0">
              <lines>
                <line number="116" hits="9" branch="false"/>
                <line number="117" hits="9" branch="false"/>
              </lines>
            </method>
            <method name="setMethodKey" signature="(Ljava/lang/String;)V" line-rate="1.0" branch-rate="1.0">
              <lines>
                <line number="124" hits="6" branch="false"/>
                <line number="125" hits="6" branch="false"/>
              </lines>
            </method>
          </methods>
          <lines>
            <line number="64" hits="18" branch="false"/>
            <line number="72" hits="0" branch="false"/>
            <line number="73" hits="0" branch="false"/>
            <line number="81" hits="3" branch="false"/>
            <line number="82" hits="3" branch="false"/>
            <line number="87" hits="9" branch="false"/>
            <line number="92" hits="9" branch="false"/>
            <line number="93" hits="9" branch="false"/>
            <line number="100" hits="27" branch="false"/>
            <line number="108" hits="12" branch="false"/>
            <line number="116" hits="9" branch="false"/>
            <line number="117" hits="9" branch="false"/>
            <line number="124" hits="6" branch="false"/>
            <line number="125" hits="6" branch="false"/>
            <line number="142" hits="15" branch="true" condition-coverage="75% (3/4)">
              <conditions>
                <condition number="0" type="jump" coverage="100%"/>
                <condition number="1" type="jump" coverage="50%"/>
              </conditions>
            </line>
            <line number="143" hits="0" branch="false"/>
            <line number="148" hits="15" branch="false"/>
            <line number="150" hits="12" branch="true" condition-coverage="50% (1/2)">
              <conditions>
                <condition number="0" type="jump" coverage="50%"/>
              </conditions>
            </line>
            <line number="151" hits="12" branch="false"/>
            <line number="152" hits="12" branch="false"/>
            <line number="153" hits="12" branch="false"/>
            <line number="155" hits="12" branch="true" condition-coverage="50% (2/4)">
              <conditions>
                <condition number="0" type="jump" coverage="50%"/>
                <condition number="1" type="jump" coverage="50%"/>
              </conditions>
            </line>
            <line number="157" hits="0" branch="false"/>
            <line number="174" hits="12" branch="false"/>
            <line number="189" hits="12" branch="false"/>
            <line number="214" hits="12" branch="false"/>
            <line number="216" hits="12" branch="true" condition-coverage="100% (2/2)">
              <conditions>
                <condition number="0" type="jump" coverage="100%"/>
              </conditions>
            </line>
            <line number="217" hits="6" branch="false"/>
            <line number="218" hits="6" branch="true" condition-coverage="50% (1/2)">
              <conditions>
                <condition number="0" type="jump" coverage="50%"/>
              </conditions>
            </line>
            <line number="219" hits="0" branch="false"/>
            <line number="222" hits="6" branch="false"/>
            <line number="226" hits="12" branch="false"/>
            <line number="228" hits="12" branch="false"/>
            <line number="229" hits="12" branch="false"/>
            <line number="231" hits="12" branch="true" condition-coverage="50% (1/2)">
              <conditions>
                <condition number="0" type="jump" coverage="50%"/>
              </conditions>
            </line>
            <line number="232" hits="12" branch="false"/>
            <line number="234" hits="12" branch="false"/>
            <line number="236" hits="12" branch="false"/>
            <line number="238" hits="12" branch="false"/>
          </lines>
        </class>
        <class name="org.apache.commons.chain.generic.LookupCommand"
               filename="org/apache/commons/chain/generic/LookupCommand.java" line-rate="0.6578947368421053"
               branch-rate="0.4642857142857143" complexity="2.142857142857143">
          <methods>
            <method name="&lt;init&gt;" signature="()V" line-rate="1.0" branch-rate="1.0">
              <lines>
                <line number="59" hits="24" branch="false"/>
                <line number="60" hits="24" branch="false"/>
              </lines>
            </method>
            <method name="&lt;init&gt;" signature="(Lorg/apache/commons/chain/CatalogFactory;)V" line-rate="1.0"
                    branch-rate="1.0">
              <lines>
                <line number="70" hits="24" branch="false"/>
                <line number="71" hits="24" branch="false"/>
                <line number="72" hits="24" branch="false"/>
                <line number="77" hits="24" branch="false"/>
                <line number="103" hits="24" branch="false"/>
                <line number="130" hits="24" branch="false"/>
                <line number="158" hits="24" branch="false"/>
                <line number="186" hits="24" branch="false"/>
                <line number="212" hits="24" branch="false"/>
                <line number="245" hits="24" branch="false"/>
              </lines>
            </method>
            <method name="execute" signature="(Lorg/apache/commons/chain/Context;)Z" line-rate="0.8571428571428571"
                    branch-rate="0.75">
              <lines>
                <line number="303" hits="15" branch="false"/>
                <line number="304" hits="15" branch="true" condition-coverage="50% (1/2)">
                  <conditions>
                    <condition number="0" type="jump" coverage="50%"/>
                  </conditions>
                </line>
                <line number="305" hits="15" branch="false"/>
                <line number="306" hits="15" branch="true" condition-coverage="100% (2/2)">
                  <conditions>
                    <condition number="0" type="jump" coverage="100%"/>
                  </conditions>
                </line>
                <line number="307" hits="3" branch="false"/>
                <line number="309" hits="12" branch="false"/>
                <line number="311" hits="0" branch="false"/>
              </lines>
            </method>
            <method name="getCatalog" signature="(Lorg/apache/commons/chain/Context;)Lorg/apache/commons/chain/Catalog;"
                    line-rate="0.6153846153846154" branch-rate="0.375">
              <lines>
                <line number="361" hits="30" branch="false"/>
                <line number="362" hits="30" branch="true" condition-coverage="50% (1/2)">
                  <conditions>
                    <condition number="0" type="jump" coverage="50%"/>
                  </conditions>
                </line>
                <line number="363" hits="0" branch="false"/>
                <line number="366" hits="30" branch="false"/>
                <line number="367" hits="30" branch="false"/>
                <line number="368" hits="30" branch="true" condition-coverage="50% (1/2)">
                  <conditions>
                    <condition number="0" type="jump" coverage="50%"/>
                  </conditions>
                </line>
                <line number="370" hits="30" branch="false"/>
                <line number="372" hits="0" branch="false"/>
                <line number="374" hits="30" branch="true" condition-coverage="50% (1/2)">
                  <conditions>
                    <condition number="0" type="jump" coverage="50%"/>
                  </conditions>
                </line>
                <line number="375" hits="0" branch="true" condition-coverage="0% (0/2)">
                  <conditions>
                    <condition number="0" type="jump" coverage="0%"/>
                  </conditions>
                </line>
                <line number="376" hits="0" branch="false"/>
                <line number="379" hits="0" branch="false"/>
                <line number="384" hits="30" branch="false"/>
              </lines>
            </method>
            <method name="getCatalogFactory" signature="()Lorg/apache/commons/chain/CatalogFactory;" line-rate="0.0"
                    branch-rate="1.0">
              <lines>
                <line number="99" hits="0" branch="false"/>
              </lines>
            </method>
            <method name="getCatalogName" signature="()Ljava/lang/String;" line-rate="1.0" branch-rate="1.0">
              <lines>
                <line number="112" hits="30" branch="false"/>
              </lines>
            </method>
            <method name="getCommand" signature="(Lorg/apache/commons/chain/Context;)Lorg/apache/commons/chain/Command;"
                    line-rate="0.8181818181818182" branch-rate="0.625">
              <lines>
                <line number="398" hits="30" branch="false"/>
                <line number="400" hits="30" branch="false"/>
                <line number="401" hits="30" branch="false"/>
                <line number="402" hits="30" branch="true" condition-coverage="50% (1/2)">
                  <conditions>
                    <condition number="0" type="jump" coverage="50%"/>
                  </conditions>
                </line>
                <line number="403" hits="30" branch="false"/>
                <line number="404" hits="30" branch="true" condition-coverage="75% (3/4)">
                  <conditions>
                    <condition number="0" type="jump" coverage="100%"/>
                    <condition number="1" type="jump" coverage="50%"/>
                  </conditions>
                </line>
                <line number="405" hits="3" branch="true" condition-coverage="50% (1/2)">
                  <conditions>
                    <condition number="0" type="jump" coverage="50%"/>
                  </conditions>
                </line>
                <line number="406" hits="3" branch="false"/>
                <line number="410" hits="0" branch="false"/>
                <line number="415" hits="27" branch="false"/>
                <line number="417" hits="0" branch="false"/>
              </lines>
            </method>
            <method name="getCommandName" signature="(Lorg/apache/commons/chain/Context;)Ljava/lang/String;"
                    line-rate="1.0" branch-rate="1.0">
              <lines>
                <line number="432" hits="30" branch="false"/>
                <line number="433" hits="30" branch="true" condition-coverage="100% (2/2)">
                  <conditions>
                    <condition number="0" type="jump" coverage="100%"/>
                  </conditions>
                </line>
                <line number="434" hits="6" branch="false"/>
                <line number="436" hits="30" branch="false"/>
              </lines>
            </method>
            <method name="getName" signature="()Ljava/lang/String;" line-rate="1.0" branch-rate="1.0">
              <lines>
                <line number="140" hits="30" branch="false"/>
              </lines>
            </method>
            <method name="getNameKey" signature="()Ljava/lang/String;" line-rate="1.0" branch-rate="1.0">
              <lines>
                <line number="168" hits="6" branch="false"/>
              </lines>
            </method>
            <method name="isIgnoreExecuteResult" signature="()Z" line-rate="1.0" branch-rate="1.0">
              <lines>
                <line number="226" hits="15" branch="false"/>
              </lines>
            </method>
            <method name="isIgnorePostprocessResult" signature="()Z" line-rate="0.0" branch-rate="1.0">
              <lines>
                <line number="260" hits="0" branch="false"/>
              </lines>
            </method>
            <method name="isOptional" signature="()Z" line-rate="1.0" branch-rate="1.0">
              <lines>
                <line number="196" hits="3" branch="false"/>
              </lines>
            </method>
            <method name="postprocess" signature="(Lorg/apache/commons/chain/Context;Ljava/lang/Exception;)Z"
                    line-rate="0.0" branch-rate="0.0">
              <lines>
                <line number="332" hits="0" branch="false"/>
                <line number="333" hits="0" branch="true" condition-coverage="0% (0/2)">
                  <conditions>
                    <condition number="0" type="jump" coverage="0%"/>
                  </conditions>
                </line>
                <line number="334" hits="0" branch="true" condition-coverage="0% (0/2)">
                  <conditions>
                    <condition number="0" type="jump" coverage="0%"/>
                  </conditions>
                </line>
                <line number="335" hits="0" branch="false"/>
                <line number="336" hits="0" branch="true" condition-coverage="0% (0/2)">
                  <conditions>
                    <condition number="0" type="jump" coverage="0%"/>
                  </conditions>
                </line>
                <line number="337" hits="0" branch="false"/>
                <line number="339" hits="0" branch="false"/>
                <line number="342" hits="0" branch="false"/>
              </lines>
            </method>
            <method name="setCatalogFactory" signature="(Lorg/apache/commons/chain/CatalogFactory;)V" line-rate="0.0"
                    branch-rate="1.0">
              <lines>
                <line number="88" hits="0" branch="false"/>
                <line number="89" hits="0" branch="false"/>
              </lines>
            </method>
            <method name="setCatalogName" signature="(Ljava/lang/String;)V" line-rate="0.0" branch-rate="1.0">
              <lines>
                <line number="125" hits="0" branch="false"/>
                <line number="127" hits="0" branch="false"/>
              </lines>
            </method>
            <method name="setIgnoreExecuteResult" signature="(Z)V" line-rate="1.0" branch-rate="1.0">
              <lines>
                <line number="242" hits="3" branch="false"/>
                <line number="243" hits="3" branch="false"/>
              </lines>
            </method>
            <method name="setIgnorePostprocessResult" signature="(Z)V" line-rate="0.0" branch-rate="1.0">
              <lines>
                <line number="276" hits="0" branch="false"/>
                <line number="277" hits="0" branch="false"/>
              </lines>
            </method>
            <method name="setName" signature="(Ljava/lang/String;)V" line-rate="1.0" branch-rate="1.0">
              <lines>
                <line number="153" hits="18" branch="false"/>
                <line number="155" hits="18" branch="false"/>
              </lines>
            </method>
            <method name="setNameKey" signature="(Ljava/lang/String;)V" line-rate="1.0" branch-rate="1.0">
              <lines>
                <line number="181" hits="6" branch="false"/>
                <line number="183" hits="6" branch="false"/>
              </lines>
            </method>
            <method name="setOptional" signature="(Z)V" line-rate="0.0" branch-rate="1.0">
              <lines>
                <line number="208" hits="0" branch="false"/>
                <line number="210" hits="0" branch="false"/>
              </lines>
            </method>
          </methods>
          <lines>
            <line number="59" hits="24" branch="false"/>
            <line number="60" hits="24" branch="false"/>
            <line number="70" hits="24" branch="false"/>
            <line number="71" hits="24" branch="false"/>
            <line number="72" hits="24" branch="false"/>
            <line number="77" hits="24" branch="false"/>
            <line number="88" hits="0" branch="false"/>
            <line number="89" hits="0" branch="false"/>
            <line number="99" hits="0" branch="false"/>
            <line number="103" hits="24" branch="false"/>
            <line number="112" hits="30" branch="false"/>
            <line number="125" hits="0" branch="false"/>
            <line number="127" hits="0" branch="false"/>
            <line number="130" hits="24" branch="false"/>
            <line number="140" hits="30" branch="false"/>
            <line number="153" hits="18" branch="false"/>
            <line number="155" hits="18" branch="false"/>
            <line number="158" hits="24" branch="false"/>
            <line number="168" hits="6" branch="false"/>
            <line number="181" hits="6" branch="false"/>
            <line number="183" hits="6" branch="false"/>
            <line number="186" hits="24" branch="false"/>
            <line number="196" hits="3" branch="false"/>
            <line number="208" hits="0" branch="false"/>
            <line number="210" hits="0" branch="false"/>
            <line number="212" hits="24" branch="false"/>
            <line number="226" hits="15" branch="false"/>
            <line number="242" hits="3" branch="false"/>
            <line number="243" hits="3" branch="false"/>
            <line number="245" hits="24" branch="false"/>
            <line number="260" hits="0" branch="false"/>
            <line number="276" hits="0" branch="false"/>
            <line number="277" hits="0" branch="false"/>
            <line number="303" hits="15" branch="false"/>
            <line number="304" hits="15" branch="true" condition-coverage="50% (1/2)">
              <conditions>
                <condition number="0" type="jump" coverage="50%"/>
              </conditions>
            </line>
            <line number="305" hits="15" branch="false"/>
            <line number="306" hits="15" branch="true" condition-coverage="100% (2/2)">
              <conditions>
                <condition number="0" type="jump" coverage="100%"/>
              </conditions>
            </line>
            <line number="307" hits="3" branch="false"/>
            <line number="309" hits="12" branch="false"/>
            <line number="311" hits="0" branch="false"/>
            <line number="332" hits="0" branch="false"/>
            <line number="333" hits="0" branch="true" condition-coverage="0% (0/2)">
              <conditions>
                <condition number="0" type="jump" coverage="0%"/>
              </conditions>
            </line>
            <line number="334" hits="0" branch="true" condition-coverage="0% (0/2)">
              <conditions>
                <condition number="0" type="jump" coverage="0%"/>
              </conditions>
            </line>
            <line number="335" hits="0" branch="false"/>
            <line number="336" hits="0" branch="true" condition-coverage="0% (0/2)">
              <conditions>
                <condition number="0" type="jump" coverage="0%"/>
              </conditions>
            </line>
            <line number="337" hits="0" branch="false"/>
            <line number="339" hits="0" branch="false"/>
            <line number="342" hits="0" branch="false"/>
            <line number="361" hits="30" branch="false"/>
            <line number="362" hits="30" branch="true" condition-coverage="50% (1/2)">
              <conditions>
                <condition number="0" type="jump" coverage="50%"/>
              </conditions>
            </line>
            <line number="363" hits="0" branch="false"/>
            <line number="366" hits="30" branch="false"/>
            <line number="367" hits="30" branch="false"/>
            <line number="368" hits="30" branch="true" condition-coverage="50% (1/2)">
              <conditions>
                <condition number="0" type="jump" coverage="50%"/>
              </conditions>
            </line>
            <line number="370" hits="30" branch="false"/>
            <line number="372" hits="0" branch="false"/>
            <line number="374" hits="30" branch="true" condition-coverage="50% (1/2)">
              <conditions>
                <condition number="0" type="jump" coverage="50%"/>
              </conditions>
            </line>
            <line number="375" hits="0" branch="true" condition-coverage="0% (0/2)">
              <conditions>
                <condition number="0" type="jump" coverage="0%"/>
              </conditions>
            </line>
            <line number="376" hits="0" branch="false"/>
            <line number="379" hits="0" branch="false"/>
            <line number="384" hits="30" branch="false"/>
[...]
            <line number="186" hits="3" branch="false"/>
            <line number="192" hits="36" branch="false"/>
            <line number="193" hits="36" branch="true" condition-coverage="100% (2/2)">
              <conditions>
                <condition number="0" type="jump" coverage="100%"/>
              </conditions>
            </line>
            <line number="194" hits="33" branch="false"/>
            <line number="195" hits="108" branch="true" condition-coverage="100% (2/2)">
              <conditions>
                <condition number="0" type="jump" coverage="100%"/>
              </conditions>
            </line>
            <line number="196" hits="75" branch="false"/>
            <line number="197" hits="75" branch="false"/>
            <line number="200" hits="36" branch="false"/>
            <line number="205" hits="30" branch="false"/>
            <line number="206" hits="30" branch="true" condition-coverage="100% (2/2)">
              <conditions>
                <condition number="0" type="jump" coverage="100%"/>
              </conditions>
            </line>
            <line number="207" hits="27" branch="false"/>
            <line number="208" hits="84" branch="true" condition-coverage="100% (2/2)">
              <conditions>
                <condition number="0" type="jump" coverage="100%"/>
              </conditions>
            </line>
            <line number="209" hits="57" branch="false"/>
            <line number="212" hits="30" branch="false"/>
            <line number="217" hits="39" branch="true" condition-coverage="50% (1/2)">
              <conditions>
                <condition number="0" type="jump" coverage="50%"/>
              </conditions>
            </line>
            <line number="218" hits="0" branch="false"/>
            <line number="219" hits="39" branch="true" condition-coverage="100% (2/2)">
              <conditions>
                <condition number="0" type="jump" coverage="100%"/>
              </conditions>
            </line>
            <line number="220" hits="36" branch="false"/>
            <line number="222" hits="3" branch="false"/>
            <line number="227" hits="234" branch="true" condition-coverage="100% (2/2)">
              <conditions>
                <condition number="0" type="jump" coverage="100%"/>
              </conditions>
            </line>
            <line number="228" hits="60" branch="false"/>
            <line number="229" hits="60" branch="true" condition-coverage="100% (2/2)">
              <conditions>
                <condition number="0" type="jump" coverage="100%"/>
              </conditions>
            </line>
            <line number="230" hits="21" branch="false"/>
            <line number="233" hits="234" branch="true" condition-coverage="100% (2/2)">
              <conditions>
                <condition number="0" type="jump" coverage="100%"/>
              </conditions>
            </line>
            <line number="234" hits="195" branch="false"/>
            <line number="236" hits="39" branch="false"/>
          </lines>
        </class>
        <class name="org.apache.commons.chain.web.servlet.ServletSetLocaleCommand"
               filename="org/apache/commons/chain/web/servlet/ServletSetLocaleCommand.java" line-rate="0.0"
               branch-rate="1.0" complexity="1.0">
          <methods>
            <method name="&lt;init&gt;" signature="()V" line-rate="0.0" branch-rate="1.0">
              <lines>
                <line number="31" hits="0" branch="false"/>
              </lines>
            </method>
            <method name="setLocale" signature="(Lorg/apache/commons/chain/Context;Ljava/util/Locale;)V" line-rate="0.0"
                    branch-rate="1.0">
              <lines>
                <line number="45" hits="0" branch="false"/>
                <line number="47" hits="0" branch="false"/>
                <line number="49" hits="0" branch="false"/>
              </lines>
            </method>
          </methods>
          <lines>
            <line number="31" hits="0" branch="false"/>
            <line number="45" hits="0" branch="false"/>
            <line number="47" hits="0" branch="false"/>
            <line number="49" hits="0" branch="false"/>
          </lines>
        </class>
        <class name="org.apache.commons.chain.web.servlet.ServletWebContext"
               filename="org/apache/commons/chain/web/servlet/ServletWebContext.java" line-rate="0.96875"
               branch-rate="1.0" complexity="2.125">
          <methods>
            <method name="&lt;init&gt;" signature="()V" line-rate="0.0" branch-rate="1.0">
              <lines>
                <line number="46" hits="0" branch="false"/>
                <line number="47" hits="0" branch="false"/>
              </lines>
            </method>
            <method name="&lt;init&gt;"
                    signature="(Ljavax/servlet/ServletContext;Ljavax/servlet/http/HttpServletRequest;Ljavax/servlet/http/HttpServletResponse;)V"
                    line-rate="1.0" branch-rate="1.0">
              <lines>
                <line number="60" hits="123" branch="false"/>
                <line number="62" hits="123" branch="false"/>
                <line number="64" hits="123" branch="false"/>
                <line number="74" hits="123" branch="false"/>
                <line number="80" hits="123" branch="false"/>
                <line number="87" hits="123" branch="false"/>
                <line number="94" hits="123" branch="false"/>
                <line number="101" hits="123" branch="false"/>
                <line number="107" hits="123" branch="false"/>
                <line number="114" hits="123" branch="false"/>
                <line number="121" hits="123" branch="false"/>
                <line number="127" hits="123" branch="false"/>
                <line number="134" hits="123" branch="false"/>
                <line number="140" hits="123" branch="false"/>
                <line number="147" hits="123" branch="false"/>
              </lines>
            </method>
            <method name="getApplicationScope" signature="()Ljava/util/Map;" line-rate="1.0" branch-rate="1.0">
              <lines>
                <line number="249" hits="57" branch="true" condition-coverage="100% (4/4)">
                  <conditions>
                    <condition number="0" type="jump" coverage="100%"/>
                    <condition number="1" type="jump" coverage="100%"/>
                  </conditions>
                </line>
                <line number="250" hits="21" branch="false"/>
                <line number="252" hits="57" branch="false"/>
              </lines>
            </method>
            <method name="getContext" signature="()Ljavax/servlet/ServletContext;" line-rate="1.0" branch-rate="1.0">
              <lines>
                <line number="160" hits="39" branch="false"/>
              </lines>
            </method>
            <method name="getCookies" signature="()Ljava/util/Map;" line-rate="1.0" branch-rate="1.0">
              <lines>
                <line number="340" hits="57" branch="true" condition-coverage="100% (4/4)">
                  <conditions>
                    <condition number="0" type="jump" coverage="100%"/>
                    <condition number="1" type="jump" coverage="100%"/>
                  </conditions>
                </line>
                <line number="341" hits="21" branch="false"/>
                <line number="343" hits="57" branch="false"/>
              </lines>
            </method>
            <method name="getHeader" signature="()Ljava/util/Map;" line-rate="1.0" branch-rate="1.0">
              <lines>
                <line number="264" hits="57" branch="true" condition-coverage="100% (4/4)">
                  <conditions>
                    <condition number="0" type="jump" coverage="100%"/>
                    <condition number="1" type="jump" coverage="100%"/>
                  </conditions>
                </line>
                <line number="265" hits="21" branch="false"/>
                <line number="267" hits="57" branch="false"/>
              </lines>
            </method>
            <method name="getHeaderValues" signature="()Ljava/util/Map;" line-rate="1.0" branch-rate="1.0">
              <lines>
                <line number="279" hits="57" branch="true" condition-coverage="100% (4/4)">
                  <conditions>
                    <condition number="0" type="jump" coverage="100%"/>
                    <condition number="1" type="jump" coverage="100%"/>
                  </conditions>
                </line>
                <line number="280" hits="21" branch="false"/>
                <line number="282" hits="57" branch="false"/>
              </lines>
            </method>
            <method name="getInitParam" signature="()Ljava/util/Map;" line-rate="1.0" branch-rate="1.0">
              <lines>
                <line number="294" hits="57" branch="true" condition-coverage="100% (4/4)">
                  <conditions>
                    <condition number="0" type="jump" coverage="100%"/>
                    <condition number="1" type="jump" coverage="100%"/>
                  </conditions>
                </line>
                <line number="295" hits="21" branch="false"/>
                <line number="297" hits="57" branch="false"/>
              </lines>
            </method>
            <method name="getParam" signature="()Ljava/util/Map;" line-rate="1.0" branch-rate="1.0">
              <lines>
                <line number="309" hits="57" branch="true" condition-coverage="100% (4/4)">
                  <conditions>
                    <condition number="0" type="jump" coverage="100%"/>
                    <condition number="1" type="jump" coverage="100%"/>
                  </conditions>
                </line>
                <line number="310" hits="21" branch="false"/>
                <line number="312" hits="57" branch="false"/>
              </lines>
            </method>
            <method name="getParamValues" signature="()Ljava/util/Map;" line-rate="1.0" branch-rate="1.0">
              <lines>
                <line number="324" hits="57" branch="true" condition-coverage="100% (4/4)">
                  <conditions>
                    <condition number="0" type="jump" coverage="100%"/>
                    <condition number="1" type="jump" coverage="100%"/>
                  </conditions>
                </line>
                <line number="325" hits="21" branch="false"/>
                <line number="327" hits="57" branch="false"/>
              </lines>
            </method>
            <method name="getRequest" signature="()Ljavax/servlet/http/HttpServletRequest;" line-rate="1.0"
                    branch-rate="1.0">
              <lines>
                <line number="172" hits="96" branch="false"/>
              </lines>
            </method>
            <method name="getRequestScope" signature="()Ljava/util/Map;" line-rate="1.0" branch-rate="1.0">
              <lines>
                <line number="355" hits="57" branch="true" condition-coverage="100% (4/4)">
                  <conditions>
                    <condition number="0" type="jump" coverage="100%"/>
                    <condition number="1" type="jump" coverage="100%"/>
                  </conditions>
                </line>
                <line number="356" hits="21" branch="false"/>
                <line number="358" hits="57" branch="false"/>
              </lines>
            </method>
            <method name="getResponse" signature="()Ljavax/servlet/http/HttpServletResponse;" line-rate="1.0"
                    branch-rate="1.0">
              <lines>
                <line number="184" hits="39" branch="false"/>
              </lines>
            </method>
            <method name="getSessionScope" signature="()Ljava/util/Map;" line-rate="1.0" branch-rate="1.0">
              <lines>
                <line number="370" hits="60" branch="true" condition-coverage="100% (4/4)">
                  <conditions>
                    <condition number="0" type="jump" coverage="100%"/>
                    <condition number="1" type="jump" coverage="100%"/>
                  </conditions>
                </line>
                <line number="371" hits="24" branch="false"/>
                <line number="373" hits="60" branch="false"/>
              </lines>
            </method>
            <method name="initialize"
                    signature="(Ljavax/servlet/ServletContext;Ljavax/servlet/http/HttpServletRequest;Ljavax/servlet/http/HttpServletResponse;)V"
                    line-rate="1.0" branch-rate="1.0">
              <lines>
                <line number="202" hits="123" branch="false"/>
                <line number="203" hits="123" branch="false"/>
                <line number="204" hits="123" branch="false"/>
                <line number="208" hits="123" branch="false"/>
              </lines>
            </method>
            <method name="release" signature="()V" line-rate="1.0" branch-rate="1.0">
              <lines>
                <line number="220" hits="3" branch="false"/>
                <line number="221" hits="3" branch="false"/>
                <line number="222" hits="3" branch="false"/>
                <line number="223" hits="3" branch="false"/>
                <line number="224" hits="3" branch="false"/>
                <line number="225" hits="3" branch="false"/>
                <line number="226" hits="3" branch="false"/>
                <line number="227" hits="3" branch="false"/>
                <line number="228" hits="3" branch="false"/>
                <line number="231" hits="3" branch="false"/>
                <line number="232" hits="3" branch="false"/>
                <line number="233" hits="3" branch="false"/>
                <line number="235" hits="3" branch="false"/>
              </lines>
            </method>
          </methods>
          <lines>
            <line number="46" hits="0" branch="false"/>
            <line number="47" hits="0" branch="false"/>
            <line number="60" hits="123" branch="false"/>
            <line number="62" hits="123" branch="false"/>
            <line number="64" hits="123" branch="false"/>
            <line number="74" hits="123" branch="false"/>
            <line number="80" hits="123" branch="false"/>
            <line number="87" hits="123" branch="false"/>
            <line number="94" hits="123" branch="false"/>
            <line number="101" hits="123" branch="false"/>
            <line number="107" hits="123" branch="false"/>
            <line number="114" hits="123" branch="false"/>
            <line number="121" hits="123" branch="false"/>
            <line number="127" hits="123" branch="false"/>
            <line number="134" hits="123" branch="false"/>
            <line number="140" hits="123" branch="false"/>
            <line number="147" hits="123" branch="false"/>
            <line number="160" hits="39" branch="false"/>
            <line number="172" hits="96" branch="false"/>
            <line number="184" hits="39" branch="false"/>
            <line number="202" hits="123" branch="false"/>
            <line number="203" hits="123" branch="false"/>
            <line number="204" hits="123" branch="false"/>
            <line number="208" hits="123" branch="false"/>
            <line number="220" hits="3" branch="false"/>
            <line number="221" hits="3" branch="false"/>
            <line number="222" hits="3" branch="false"/>
            <line number="223" hits="3" branch="false"/>
            <line number="224" hits="3" branch="false"/>
            <line number="225" hits="3" branch="false"/>
            <line number="226" hits="3" branch="false"/>
            <line number="227" hits="3" branch="false"/>
            <line number="228" hits="3" branch="false"/>
            <line number="231" hits="3" branch="false"/>
            <line number="232" hits="3" branch="false"/>
            <line number="233" hits="3" branch="false"/>
            <line number="235" hits="3" branch="false"/>
            <line number="249" hits="57" branch="true" condition-coverage="100% (4/4)">
              <conditions>
                <condition number="0" type="jump" coverage="100%"/>
                <condition number="1" type="jump" coverage="100%"/>
              </conditions>
            </line>
            <line number="250" hits="21" branch="false"/>
            <line number="252" hits="57" branch="false"/>
            <line number="264" hits="57" branch="true" condition-coverage="100% (4/4)">
              <conditions>
                <condition number="0" type="jump" coverage="100%"/>
                <condition number="1" type="jump" coverage="100%"/>
              </conditions>
            </line>
            <line number="265" hits="21" branch="false"/>
            <line number="267" hits="57" branch="false"/>
            <line number="279" hits="57" branch="true" condition-coverage="100% (4/4)">
              <conditions>
                <condition number="0" type="jump" coverage="100%"/>
                <condition number="1" type="jump" coverage="100%"/>
              </conditions>
            </line>
            <line number="280" hits="21" branch="false"/>
            <line number="282" hits="57" branch="false"/>
            <line number="294" hits="57" branch="true" condition-coverage="100% (4/4)">
              <conditions>
                <condition number="0" type="jump" coverage="100%"/>
                <condition number="1" type="jump" coverage="100%"/>
              </conditions>
            </line>
            <line number="295" hits="21" branch="false"/>
            <line number="297" hits="57" branch="false"/>
            <line number="309" hits="57" branch="true" condition-coverage="100% (4/4)">
              <conditions>
                <condition number="0" type="jump" coverage="100%"/>
                <condition number="1" type="jump" coverage="100%"/>
              </conditions>
            </line>
            <line number="310" hits="21" branch="false"/>
            <line number="312" hits="57" branch="false"/>
            <line number="324" hits="57" branch="true" condition-coverage="100% (4/4)">
              <conditions>
                <condition number="0" type="jump" coverage="100%"/>
                <condition number="1" type="jump" coverage="100%"/>
              </conditions>
            </line>
            <line number="325" hits="21" branch="false"/>
            <line number="327" hits="57" branch="false"/>
            <line number="340" hits="57" branch="true" condition-coverage="100% (4/4)">
              <conditions>
                <condition number="0" type="jump" coverage="100%"/>
                <condition number="1" type="jump" coverage="100%"/>
              </conditions>
            </line>
            <line number="341" hits="21" branch="false"/>
            <line number="343" hits="57" branch="false"/>
            <line number="355" hits="57" branch="true" condition-coverage="100% (4/4)">
              <conditions>
                <condition number="0" type="jump" coverage="100%"/>
                <condition number="1" type="jump" coverage="100%"/>
              </conditions>
            </line>
            <line number="356" hits="21" branch="false"/>
            <line number="358" hits="57" branch="false"/>
            <line number="370" hits="60" branch="true" condition-coverage="100% (4/4)">
              <conditions>
                <condition number="0" type="jump" coverage="100%"/>
                <condition number="1" type="jump" coverage="100%"/>
              </conditions>
            </line>
            <line number="371" hits="24" branch="false"/>
            <line number="373" hits="60" branch="false"/>
          </lines>
        </class>
      </classes>
    </package>
  </packages>
</coverage>
