<?xml version="1.0" encoding="UTF-8" ?>
<testsuite errors="1" skipped="0" tests="2" time="0.032" failures="1" name="org.sonar.Foo">
  <properties>
    <property value="Apple Inc." name="java.vendor"/>
    <property value="/Users/cmunger/.m2/repository" name="localRepository"/>
    <property value="../Resources/Eclipse.icns" name="env.APP_ICON_175"/>
    <property value="SUN_STANDARD" name="sun.java.launcher"/>
    <property value="HotSpot Client Compiler" name="sun.management.compiler"/>
    <property value="6b0270" name="env.SECURITYSESSIONID"/>
    <property value="Mac OS X" name="os.name"/>
    <property
        value="/System/Library/Frameworks/JavaVM.framework/Versions/1.5.0/Classes/classes.jar:/System/Library/Frameworks/JavaVM.framework/Versions/1.5.0/Classes/ui.jar:/System/Library/Frameworks/JavaVM.framework/Versions/1.5.0/Classes/laf.jar:/System/Library/Frameworks/JavaVM.framework/Versions/1.5.0/Classes/sunrsasign.jar:/System/Library/Frameworks/JavaVM.framework/Versions/1.5.0/Classes/jsse.jar:/System/Library/Frameworks/JavaVM.framework/Versions/1.5.0/Classes/jce.jar:/System/Library/Frameworks/JavaVM.framework/Versions/1.5.0/Classes/charsets.jar"
        name="sun.boot.class.path"/>
    <property value="/var/folders/Ea/Ea1AbxXfF6u1WpNRWAq8q++++TI/-Tmp-/" name="env.TMPDIR"/>
    <property value="Sun Microsystems Inc." name="java.vm.specification.vendor"/>
    <property value="1.5.0_16-b06-284" name="java.runtime.version"/>
    <property value="/tmp/launch-sNnktt/Render" name="env.Apple_PubSub_Socket_Render"/>
    <property value="/tmp/launch-fxz1jZ/:0" name="env.DISPLAY"/>
    <property value="cmunger" name="user.name"/>
    <property value="cmunger" name="env.USER"/>
    <property value="/bin/bash" name="env.SHELL"/>
    <property value="0x1F5:0:0" name="env.__CF_USER_TEXT_ENCODING"/>
    <property value="true" name="awt.nativeDoubleBuffering"/>
    <property value="/usr/bin:/bin:/usr/sbin:/sbin" name="env.PATH"/>
    <property value="en" name="user.language"/>
    <property value="./testDBStop52578" name="derby.system.home"/>
    <property value="/System/Library/Frameworks/JavaVM.framework/Versions/1.5.0/Libraries"
              name="sun.boot.library.path"/>
    <property value="/usr/share/apache-maven-2.0.9/bin/m2.conf" name="classworlds.conf"/>
    <property value="1.5.0_16" name="java.version"/>
    <property value="Europe/Zurich" name="user.timezone"/>
    <property value="32" name="sun.arch.data.model"/>
    <property value="local|*.local|169.254/16|*.169.254/16" name="http.nonProxyHosts"/>
    <property value="/System/Library/Frameworks/JavaVM.framework/Versions/1.5.0/Home/lib/endorsed"
              name="java.endorsed.dirs"/>
    <property value="" name="sun.cpu.isalist"/>
    <property value="MacRoman" name="sun.jnu.encoding"/>
    <property value="sun.io" name="file.encoding.pkg"/>
    <property value="/" name="file.separator"/>
    <property value="Java Platform API Specification" name="java.specification.name"/>
    <property value="49.0" name="java.class.version"/>
    <property value="US" name="user.country"/>
    <property value="/System/Library/Frameworks/JavaVM.framework/Versions/1.5.0/Home" name="java.home"/>
    <property value="mixed mode, sharing" name="java.vm.info"/>
    <property value="cmunger" name="env.LOGNAME"/>
    <property value="10.5.6" name="os.version"/>
    <property value=":" name="path.separator"/>
    <property value="org.codehaus.classworlds.Launcher" name="env.JAVA_MAIN_CLASS_1410"/>
    <property value="1.5.0_16-133" name="java.vm.version"/>
    <property value="apple.awt.CPrinterJob" name="java.awt.printerjob"/>
    <property value="UnicodeLittle" name="sun.io.unicode.encoding"/>
    <property value="apple.awt.CToolkit" name="awt.toolkit"/>
    <property value="local|*.local|169.254/16|*.169.254/16" name="socksNonProxyHosts"/>
    <property value="1" name="env.JAVA_STARTED_ON_FIRST_THREAD_175"/>
    <property value="local|*.local|169.254/16|*.169.254/16" name="ftp.nonProxyHosts"/>
    <property value="/Users/cmunger" name="user.home"/>
    <property value="Sun Microsystems Inc." name="java.specification.vendor"/>
    <property value=".:/Library/Java/Extensions:/System/Library/Java/Extensions:/usr/lib/java"
              name="java.library.path"/>
    <property value="http://www.apple.com/" name="java.vendor.url"/>
    <property value="Apple Inc." name="java.vm.vendor"/>
    <property value="false" name="gopherProxySet"/>
    <property value="/usr/share/apache-maven-2.0.9" name="maven.home"/>
    <property value="Java(TM) 2 Runtime Environment, Standard Edition" name="java.runtime.name"/>
    <property value="/usr/share/apache-maven-2.0.9/boot/classworlds-1.1.jar" name="java.class.path"/>
    <property value="Java Virtual Machine Specification" name="java.vm.specification.name"/>
    <property value="1.0" name="java.vm.specification.version"/>
    <property value="little" name="sun.cpu.endian"/>
    <property value="unknown" name="sun.os.patch.level"/>
    <property value="/Users/cmunger" name="env.HOME"/>
    <property
        value="/Users/cmunger/dev/workspace/sonar/sonar-core/target/test-classes:/Users/cmunger/dev/workspace/sonar/sonar-core/target/classes:/Users/cmunger/.m2/repository/org/codehaus/sonar/sonar-commons/1.7-SNAPSHOT/sonar-commons-1.7-SNAPSHOT.jar:/Users/cmunger/.m2/repository/org/picocontainer/picocontainer/2.7/picocontainer-2.7.jar:/Users/cmunger/.m2/repository/org/slf4j/slf4j-api/1.5.0/slf4j-api-1.5.0.jar:/Users/cmunger/.m2/repository/org/slf4j/jcl104-over-slf4j/1.4.3/jcl104-over-slf4j-1.4.3.jar:/Users/cmunger/.m2/repository/ch/qos/logback/logback-classic/0.9.9/logback-classic-0.9.9.jar:/Users/cmunger/.m2/repository/ch/qos/logback/logback-core/0.9.9/logback-core-0.9.9.jar:/Users/cmunger/.m2/repository/geronimo-spec/geronimo-spec-jta/1.0-M1/geronimo-spec-jta-1.0-M1.jar:/Users/cmunger/.m2/repository/org/hibernate/hibernate/3.2.6.ga/hibernate-3.2.6.ga.jar:/Users/cmunger/.m2/repository/net/sf/ehcache/ehcache/1.2.3/ehcache-1.2.3.jar:/Users/cmunger/.m2/repository/commons-collections/commons-collections/3.2.1/commons-collections-3.2.1.jar:/Users/cmunger/.m2/repository/asm/asm-attrs/1.5.3/asm-attrs-1.5.3.jar:/Users/cmunger/.m2/repository/dom4j/dom4j/1.6.1/dom4j-1.6.1.jar:/Users/cmunger/.m2/repository/antlr/antlr/2.7.6/antlr-2.7.6.jar:/Users/cmunger/.m2/repository/cglib/cglib/2.1_3/cglib-2.1_3.jar:/Users/cmunger/.m2/repository/asm/asm/1.5.3/asm-1.5.3.jar:/Users/cmunger/.m2/repository/org/hibernate/hibernate-annotations/3.3.1.GA/hibernate-annotations-3.3.1.GA.jar:/Users/cmunger/.m2/repository/org/hibernate/hibernate-commons-annotations/3.3.0.ga/hibernate-commons-annotations-3.3.0.ga.jar:/Users/cmunger/.m2/repository/commons-logging/commons-logging/1.1/commons-logging-1.1.jar:/Users/cmunger/.m2/repository/org/hibernate/ejb3-persistence/1.0.1.GA/ejb3-persistence-1.0.1.GA.jar:/Users/cmunger/.m2/repository/javax/persistence/persistence-api/1.0/persistence-api-1.0.jar:/Users/cmunger/.m2/repository/org/hibernate/hibernate-entitymanager/3.3.1.ga/hibernate-entitymanager-3.3.1.ga.jar:/Users/cmunger/.m2/repository/org/hibernate/hibernate-validator/3.0.0.ga/hibernate-validator-3.0.0.ga.jar:/Users/cmunger/.m2/repository/jboss/javassist/3.3.ga/javassist-3.3.ga.jar:/Users/cmunger/.m2/repository/jboss/jboss-common-core/2.0.4.GA/jboss-common-core-2.0.4.GA.jar:/Users/cmunger/.m2/repository/commons-configuration/commons-configuration/1.5/commons-configuration-1.5.jar:/Users/cmunger/.m2/repository/commons-lang/commons-lang/2.4/commons-lang-2.4.jar:/Users/cmunger/.m2/repository/commons-digester/commons-digester/1.8/commons-digester-1.8.jar:/Users/cmunger/.m2/repository/commons-beanutils/commons-beanutils/1.7.0/commons-beanutils-1.7.0.jar:/Users/cmunger/.m2/repository/commons-beanutils/commons-beanutils-core/1.7.0/commons-beanutils-core-1.7.0.jar:/Users/cmunger/.m2/repository/commons-io/commons-io/1.4/commons-io-1.4.jar:/Users/cmunger/.m2/repository/commons-dbcp/commons-dbcp/1.2.1/commons-dbcp-1.2.1.jar:/Users/cmunger/.m2/repository/commons-pool/commons-pool/1.2/commons-pool-1.2.jar:/Users/cmunger/.m2/repository/xerces/xercesImpl/2.8.1/xercesImpl-2.8.1.jar:/Users/cmunger/.m2/repository/xml-apis/xml-apis/1.3.03/xml-apis-1.3.03.jar:/Users/cmunger/.m2/repository/org/codehaus/sonar/sonar-commons/1.7-SNAPSHOT/sonar-commons-1.7-SNAPSHOT-tests.jar:/Users/cmunger/.m2/repository/org/codehaus/sonar/sonar-plugin-api/1.7-SNAPSHOT/sonar-plugin-api-1.7-SNAPSHOT.jar:/Users/cmunger/.m2/repository/commons-codec/commons-codec/1.3/commons-codec-1.3.jar:/Users/cmunger/.m2/repository/jfree/jfreechart/1.0.9/jfreechart-1.0.9.jar:/Users/cmunger/.m2/repository/jfree/jcommon/1.0.12/jcommon-1.0.12.jar:/Users/cmunger/.m2/repository/com/thoughtworks/xstream/xstream/1.3/xstream-1.3.jar:/Users/cmunger/.m2/repository/xpp3/xpp3/1.1.3.3/xpp3-1.1.3.3.jar:/Users/cmunger/.m2/repository/org/codehaus/sonar/plugins/sonar-plugin-core/1.7-SNAPSHOT/sonar-plugin-core-1.7-SNAPSHOT.jar:/Users/cmunger/.m2/repository/org/codehaus/sonar/sonar-plugin-api/1.7-SNAPSHOT/sonar-plugin-api-1.7-SNAPSHOT-tests.jar:/Users/cmunger/.m2/repository/mysql/mysql-connector-java/5.0.8/mysql-connector-java-5.0.8.jar:/Users/cmunger/.m2/repository/log4j/log4j/1.2.12/log4j-1.2.12.jar:/Users/cmunger/.m2/repository/logkit/logkit/1.0.1/logkit-1.0.1.jar:/Users/cmunger/.m2/repository/avalon-framework/avalon-framework/4.1.3/avalon-framework-4.1.3.jar:/Users/cmunger/.m2/repository/javax/servlet/servlet-api/2.3/servlet-api-2.3.jar:/Users/cmunger/.m2/repository/org/apache/derby/derby/10.4.1.3/derby-10.4.1.3.jar:/Users/cmunger/.m2/repository/org/apache/derby/derbynet/10.4.1.3/derbynet-10.4.1.3.jar:/Users/cmunger/.m2/repository/junit/junit/4.4/junit-4.4.jar:/Users/cmunger/.m2/repository/org/hamcrest/hamcrest-all/1.1/hamcrest-all-1.1.jar:/Users/cmunger/.m2/repository/org/dbunit/dbunit/2.2/dbunit-2.2.jar:/Users/cmunger/.m2/repository/junit-addons/junit-addons/1.4/junit-addons-1.4.jar:/Users/cmunger/.m2/repository/poi/poi/2.5.1-final-20040804/poi-2.5.1-final-20040804.jar:/Users/cmunger/.m2/repository/hsqldb/hsqldb/1.8.0.7/hsqldb-1.8.0.7.jar:/Users/cmunger/.m2/repository/org/apache/derby/derbyclient/10.4.1.3/derbyclient-10.4.1.3.jar:/Users/cmunger/.m2/repository/org/easymock/easymock/2.3/easymock-2.3.jar:/Users/cmunger/.m2/repository/org/easymock/easymockclassextension/2.3/easymockclassextension-2.3.jar:/Users/cmunger/.m2/repository/cglib/cglib-nodep/2.1_3/cglib-nodep-2.1_3.jar:/Users/cmunger/.m2/repository/xmlunit/xmlunit/1.2/xmlunit-1.2.jar:/Users/cmunger/.m2/repository/org/mockito/mockito-all/1.5/mockito-all-1.5.jar:"
        name="surefire.test.class.path"/>
    <property value="/tmp" name="java.io.tmpdir"/>
    <property value="http://bugreport.apple.com/" name="java.vendor.url.bug"/>
    <property value="/tmp/launch-a2Hs8j/Listeners" name="env.SSH_AUTH_SOCK"/>
    <property value="legacy" name="env.COMMAND_MODE"/>
    <property value="i386" name="os.arch"/>
    <property value="apple.awt.CGraphicsEnvironment" name="java.awt.graphicsenv"/>
    <property
        value="/Library/Java/Extensions:/System/Library/Java/Extensions:/System/Library/Frameworks/JavaVM.framework/Versions/1.5.0/Home/lib/ext"
        name="java.ext.dirs"/>
    <property value="/Users/cmunger/dev/workspace/sonar/sonar-core" name="user.dir"/>
    <property value="1050.1.5.0_16-284" name="mrj.version"/>
    <property value="
" name="line.separator"/>
    <property value="Java HotSpot(TM) Client VM" name="java.vm.name"/>
    <property value="/Users/cmunger/dev/workspace/sonar/sonar-core" name="basedir"/>
    <property value="MacRoman" name="file.encoding"/>
    <property value="1.5" name="java.specification.version"/>
  </properties>
  <testcase classname="org.sonar.Foo" time="0.005" name="testOne">
    <failure type="java.lang.AssertionError" message="expected:&lt;2&gt; but was:&lt;1&gt;">java.lang.AssertionError:
      expected:&lt;2&gt; but was:&lt;1&gt;
      at org.junit.Assert.fail(Assert.java:74)
      at org.junit.Assert.failNotEquals(Assert.java:448)
      at org.junit.Assert.assertEquals(Assert.java:102)
      at org.junit.Assert.assertEquals(Assert.java:323)
      at org.junit.Assert.assertEquals(Assert.java:319)
      at org.sonar.core.ExtensionsFinderTest.shouldFindJdbcDrivers(ExtensionsFinderTest.java:45)
      at sun.reflect.NativeMethodAccessorImpl.invoke0(Native Method)
      at sun.reflect.NativeMethodAccessorImpl.invoke(NativeMethodAccessorImpl.java:39)
      at sun.reflect.DelegatingMethodAccessorImpl.invoke(DelegatingMethodAccessorImpl.java:25)
      at java.lang.reflect.Method.invoke(Method.java:585)
      at org.junit.internal.runners.TestMethod.invoke(TestMethod.java:59)
      at org.junit.internal.runners.MethodRoadie.runTestMethod(MethodRoadie.java:98)
      at org.junit.internal.runners.MethodRoadie$2.run(MethodRoadie.java:79)
      at org.junit.internal.runners.MethodRoadie.runBeforesThenTestThenAfters(MethodRoadie.java:87)
      at org.junit.internal.runners.MethodRoadie.runTest(MethodRoadie.java:77)
      at org.junit.internal.runners.MethodRoadie.run(MethodRoadie.java:42)
      at org.junit.internal.runners.JUnit4ClassRunner.invokeTestMethod(JUnit4ClassRunner.java:88)
      at org.junit.internal.runners.JUnit4ClassRunner.runMethods(JUnit4ClassRunner.java:51)
      at org.junit.internal.runners.JUnit4ClassRunner$1.run(JUnit4ClassRunner.java:44)
      at org.junit.internal.runners.ClassRoadie.runUnprotected(ClassRoadie.java:27)
      at org.junit.internal.runners.ClassRoadie.runProtected(ClassRoadie.java:37)
      at org.junit.internal.runners.JUnit4ClassRunner.run(JUnit4ClassRunner.java:42)
      at org.apache.maven.surefire.junit4.JUnit4TestSet.execute(JUnit4TestSet.java:62)
      at org.apache.maven.surefire.suite.AbstractDirectoryTestSuite.executeTestSet(AbstractDirectoryTestSuite.java:140)
      at org.apache.maven.surefire.suite.AbstractDirectoryTestSuite.execute(AbstractDirectoryTestSuite.java:127)
      at org.apache.maven.surefire.Surefire.run(Surefire.java:177)
      at sun.reflect.NativeMethodAccessorImpl.invoke0(Native Method)
      at sun.reflect.NativeMethodAccessorImpl.invoke(NativeMethodAccessorImpl.java:39)
      at sun.reflect.DelegatingMethodAccessorImpl.invoke(DelegatingMethodAccessorImpl.java:25)
      at java.lang.reflect.Method.invoke(Method.java:585)
      at org.apache.maven.surefire.booter.SurefireBooter.runSuitesInProcess(SurefireBooter.java:338)
      at org.apache.maven.surefire.booter.SurefireBooter.main(SurefireBooter.java:997)
    </failure>
  </testcase>
  <testcase classname="org.sonar.Foo" time="0" name="testTwo">
    <error type="java.lang.RuntimeException" message="TEST">java.lang.RuntimeException: TEST
      at org.sonar.core.ExtensionsFinderTest.shouldFindPlugins(ExtensionsFinderTest.java:57)
      at sun.reflect.NativeMethodAccessorImpl.invoke0(Native Method)
      at sun.reflect.NativeMethodAccessorImpl.invoke(NativeMethodAccessorImpl.java:39)
      at sun.reflect.DelegatingMethodAccessorImpl.invoke(DelegatingMethodAccessorImpl.java:25)
      at java.lang.reflect.Method.invoke(Method.java:585)
      at org.junit.internal.runners.TestMethod.invoke(TestMethod.java:59)
      at org.junit.internal.runners.MethodRoadie.runTestMethod(MethodRoadie.java:98)
      at org.junit.internal.runners.MethodRoadie$2.run(MethodRoadie.java:79)
      at org.junit.internal.runners.MethodRoadie.runBeforesThenTestThenAfters(MethodRoadie.java:87)
      at org.junit.internal.runners.MethodRoadie.runTest(MethodRoadie.java:77)
      at org.junit.internal.runners.MethodRoadie.run(MethodRoadie.java:42)
      at org.junit.internal.runners.JUnit4ClassRunner.invokeTestMethod(JUnit4ClassRunner.java:88)
      at org.junit.internal.runners.JUnit4ClassRunner.runMethods(JUnit4ClassRunner.java:51)
      at org.junit.internal.runners.JUnit4ClassRunner$1.run(JUnit4ClassRunner.java:44)
      at org.junit.internal.runners.ClassRoadie.runUnprotected(ClassRoadie.java:27)
      at org.junit.internal.runners.ClassRoadie.runProtected(ClassRoadie.java:37)
      at org.junit.internal.runners.JUnit4ClassRunner.run(JUnit4ClassRunner.java:42)
      at org.apache.maven.surefire.junit4.JUnit4TestSet.execute(JUnit4TestSet.java:62)
      at org.apache.maven.surefire.suite.AbstractDirectoryTestSuite.executeTestSet(AbstractDirectoryTestSuite.java:140)
      at org.apache.maven.surefire.suite.AbstractDirectoryTestSuite.execute(AbstractDirectoryTestSuite.java:127)
      at org.apache.maven.surefire.Surefire.run(Surefire.java:177)
      at sun.reflect.NativeMethodAccessorImpl.invoke0(Native Method)
      at sun.reflect.NativeMethodAccessorImpl.invoke(NativeMethodAccessorImpl.java:39)
      at sun.reflect.DelegatingMethodAccessorImpl.invoke(DelegatingMethodAccessorImpl.java:25)
      at java.lang.reflect.Method.invoke(Method.java:585)
      at org.apache.maven.surefire.booter.SurefireBooter.runSuitesInProcess(SurefireBooter.java:338)
      at org.apache.maven.surefire.booter.SurefireBooter.main(SurefireBooter.java:997)
    </error>
  </testcase>
</testsuite>